<?xml version="1.0" encoding="utf-8"?><testsuite errors="0" failures="3" name="pytest" skipped="2" tests="30" time="204.190"><testcase classname="TestCase.test_1_login.TestLogin" file="TestCase\test_1_login.py" line="14" name="test_login_1_error[data0]" time="4.116"><system-out>============session级别的会话=====开始=====================
============整个测试类只执行一次的前置======================
============测试类中每个测试用例都执行一次的前置============
============测试类中每个测试用例都执行一次的前置============
</system-out><system-err>Tue, 18 Jun 2019 09:43:57-INFO-BasePage.py-wait_eleVisible-[line:32]None：等待元素可见：(&apos;xpath&apos;, &apos;//input[@id=&quot;name&quot;]&apos;)
Tue, 18 Jun 2019 09:43:57-INFO-BasePage.py-wait_eleVisible-[line:37]等待时长0.03：以秒为单位
Tue, 18 Jun 2019 09:43:57-INFO-BasePage.py-get_Element-[line:45]None：查找元素：(&apos;xpath&apos;, &apos;//input[@id=&quot;name&quot;]&apos;)
Tue, 18 Jun 2019 09:43:57-INFO-BasePage.py-input_text-[line:58]None：在元素(&apos;xpath&apos;, &apos;//input[@id=&quot;name&quot;]&apos;)中输入文本：admin
Tue, 18 Jun 2019 09:43:57-INFO-BasePage.py-get_Element-[line:45]None：查找元素：(&apos;xpath&apos;, &apos;//input[@id=&quot;inputPassword&quot;]&apos;)
Tue, 18 Jun 2019 09:43:57-INFO-BasePage.py-input_text-[line:58]None：在元素(&apos;xpath&apos;, &apos;//input[@id=&quot;inputPassword&quot;]&apos;)中输入文本：12a3
Tue, 18 Jun 2019 09:43:58-INFO-BasePage.py-get_Element-[line:45]None：查找元素：(&apos;xpath&apos;, &apos;//a[@id=&quot;login&quot;]&apos;)
Tue, 18 Jun 2019 09:43:58-INFO-BasePage.py-click_element-[line:85]None:元素：(&apos;xpath&apos;, &apos;//a[@id=&quot;login&quot;]&apos;)点击事件
Tue, 18 Jun 2019 09:43:58-INFO-BasePage.py-switch_alert-[line:174]alert出现，内容为：用户名或密码错误!
Tue, 18 Jun 2019 09:43:58-INFO-BasePage.py-switch_alert-[line:176]alert已经关闭
</system-err></testcase><testcase classname="TestCase.test_1_login.TestLogin" file="TestCase\test_1_login.py" line="14" name="test_login_1_error[data1]" time="0.188"><system-out>============测试类中每个测试用例都执行一次的前置============
============测试类中每个测试用例都执行一次的前置============
</system-out><system-err>Tue, 18 Jun 2019 09:43:58-INFO-BasePage.py-wait_eleVisible-[line:32]None：等待元素可见：(&apos;xpath&apos;, &apos;//input[@id=&quot;name&quot;]&apos;)
Tue, 18 Jun 2019 09:43:58-INFO-BasePage.py-wait_eleVisible-[line:37]等待时长0.02：以秒为单位
Tue, 18 Jun 2019 09:43:58-INFO-BasePage.py-get_Element-[line:45]None：查找元素：(&apos;xpath&apos;, &apos;//input[@id=&quot;name&quot;]&apos;)
Tue, 18 Jun 2019 09:43:58-INFO-BasePage.py-input_text-[line:58]None：在元素(&apos;xpath&apos;, &apos;//input[@id=&quot;name&quot;]&apos;)中输入文本：abac
Tue, 18 Jun 2019 09:43:58-INFO-BasePage.py-get_Element-[line:45]None：查找元素：(&apos;xpath&apos;, &apos;//input[@id=&quot;inputPassword&quot;]&apos;)
Tue, 18 Jun 2019 09:43:58-INFO-BasePage.py-input_text-[line:58]None：在元素(&apos;xpath&apos;, &apos;//input[@id=&quot;inputPassword&quot;]&apos;)中输入文本：123a4
Tue, 18 Jun 2019 09:43:58-INFO-BasePage.py-get_Element-[line:45]None：查找元素：(&apos;xpath&apos;, &apos;//a[@id=&quot;login&quot;]&apos;)
Tue, 18 Jun 2019 09:43:58-INFO-BasePage.py-click_element-[line:85]None:元素：(&apos;xpath&apos;, &apos;//a[@id=&quot;login&quot;]&apos;)点击事件
Tue, 18 Jun 2019 09:43:58-INFO-BasePage.py-switch_alert-[line:174]alert出现，内容为：用户名或密码错误!
Tue, 18 Jun 2019 09:43:58-INFO-BasePage.py-switch_alert-[line:176]alert已经关闭
</system-err></testcase><testcase classname="TestCase.test_1_login.TestLogin" file="TestCase\test_1_login.py" line="21" name="test_login_2_sucess" time="6.412"><system-out>============测试类中每个测试用例都执行一次的前置============
============测试类中每个测试用例都执行一次的前置============
============整个测试类只执行一次的后置======================
</system-out><system-err>Tue, 18 Jun 2019 09:43:58-INFO-BasePage.py-wait_eleVisible-[line:32]None：等待元素可见：(&apos;xpath&apos;, &apos;//input[@id=&quot;name&quot;]&apos;)
Tue, 18 Jun 2019 09:43:58-INFO-BasePage.py-wait_eleVisible-[line:37]等待时长0.04：以秒为单位
Tue, 18 Jun 2019 09:43:58-INFO-BasePage.py-get_Element-[line:45]None：查找元素：(&apos;xpath&apos;, &apos;//input[@id=&quot;name&quot;]&apos;)
Tue, 18 Jun 2019 09:43:58-INFO-BasePage.py-input_text-[line:58]None：在元素(&apos;xpath&apos;, &apos;//input[@id=&quot;name&quot;]&apos;)中输入文本：auto_test_2
Tue, 18 Jun 2019 09:43:58-INFO-BasePage.py-get_Element-[line:45]None：查找元素：(&apos;xpath&apos;, &apos;//input[@id=&quot;inputPassword&quot;]&apos;)
Tue, 18 Jun 2019 09:43:58-INFO-BasePage.py-input_text-[line:58]None：在元素(&apos;xpath&apos;, &apos;//input[@id=&quot;inputPassword&quot;]&apos;)中输入文本：123456
Tue, 18 Jun 2019 09:43:58-INFO-BasePage.py-get_Element-[line:45]None：查找元素：(&apos;xpath&apos;, &apos;//a[@id=&quot;login&quot;]&apos;)
Tue, 18 Jun 2019 09:43:58-INFO-BasePage.py-click_element-[line:85]None:元素：(&apos;xpath&apos;, &apos;//a[@id=&quot;login&quot;]&apos;)点击事件
Tue, 18 Jun 2019 09:44:01-INFO-BasePage.py-switch_alert-[line:179]未弹出alert
Tue, 18 Jun 2019 09:44:01-INFO-BasePage.py-wait_eleVisible-[line:32]None：等待元素可见：(&apos;xpath&apos;, &apos;//i[@class=&quot;entypo-user user&quot;]&apos;)
Tue, 18 Jun 2019 09:44:01-INFO-BasePage.py-wait_eleVisible-[line:37]等待时长0.17：以秒为单位
</system-err></testcase><testcase classname="TestCase.test_2_home.TestHome" file="TestCase\test_2_home.py" line="15" name="test_1_home_to_data_source" time="12.211"><system-out>============整个测试类只执行一次的前置======================
============测试类中每个测试用例都执行一次的前置============
============测试类中每个测试用例都执行一次的前置============
</system-out><system-err>Tue, 18 Jun 2019 09:44:10-INFO-BasePage.py-wait_eleVisible-[line:32]None：等待元素可见：(&apos;xpath&apos;, &apos;//input[@id=&quot;name&quot;]&apos;)
Tue, 18 Jun 2019 09:44:10-INFO-BasePage.py-wait_eleVisible-[line:37]等待时长0.03：以秒为单位
Tue, 18 Jun 2019 09:44:10-INFO-BasePage.py-get_Element-[line:45]None：查找元素：(&apos;xpath&apos;, &apos;//input[@id=&quot;name&quot;]&apos;)
Tue, 18 Jun 2019 09:44:10-INFO-BasePage.py-input_text-[line:58]None：在元素(&apos;xpath&apos;, &apos;//input[@id=&quot;name&quot;]&apos;)中输入文本：auto_test_2
Tue, 18 Jun 2019 09:44:10-INFO-BasePage.py-get_Element-[line:45]None：查找元素：(&apos;xpath&apos;, &apos;//input[@id=&quot;inputPassword&quot;]&apos;)
Tue, 18 Jun 2019 09:44:10-INFO-BasePage.py-input_text-[line:58]None：在元素(&apos;xpath&apos;, &apos;//input[@id=&quot;inputPassword&quot;]&apos;)中输入文本：123456
Tue, 18 Jun 2019 09:44:10-INFO-BasePage.py-get_Element-[line:45]None：查找元素：(&apos;xpath&apos;, &apos;//a[@id=&quot;login&quot;]&apos;)
Tue, 18 Jun 2019 09:44:10-INFO-BasePage.py-click_element-[line:85]None:元素：(&apos;xpath&apos;, &apos;//a[@id=&quot;login&quot;]&apos;)点击事件
Tue, 18 Jun 2019 09:44:13-INFO-BasePage.py-switch_alert-[line:179]未弹出alert
Tue, 18 Jun 2019 09:44:13-INFO-BasePage.py-wait_eleVisible-[line:32]None：等待元素可见：(&apos;xpath&apos;, &apos;//span[text()=&quot;业务管理&quot;]&apos;)
Tue, 18 Jun 2019 09:44:14-INFO-BasePage.py-wait_eleVisible-[line:37]等待时长0.81：以秒为单位
Tue, 18 Jun 2019 09:44:14-INFO-BasePage.py-get_Element-[line:45]None：查找元素：(&apos;xpath&apos;, &apos;//span[text()=&quot;业务管理&quot;]&apos;)
Tue, 18 Jun 2019 09:44:14-INFO-BasePage.py-hover_element-[line:71]None:元素：(&apos;xpath&apos;, &apos;//span[text()=&quot;业务管理&quot;]&apos;)鼠标悬停事件
Tue, 18 Jun 2019 09:44:14-INFO-BasePage.py-wait_eleVisible-[line:32]None：等待元素可见：(&apos;xpath&apos;, &apos;//span[text()=&quot;数据源管理&quot;]&apos;)
Tue, 18 Jun 2019 09:44:14-INFO-BasePage.py-wait_eleVisible-[line:37]等待时长0.62：以秒为单位
Tue, 18 Jun 2019 09:44:14-INFO-BasePage.py-get_Element-[line:45]None：查找元素：(&apos;xpath&apos;, &apos;//span[text()=&quot;数据源管理&quot;]&apos;)
Tue, 18 Jun 2019 09:44:14-INFO-BasePage.py-click_element-[line:85]None:元素：(&apos;xpath&apos;, &apos;//span[text()=&quot;数据源管理&quot;]&apos;)点击事件
Tue, 18 Jun 2019 09:44:16-INFO-BasePage.py-switch_iframe-[line:148]iframe切换操作：
Tue, 18 Jun 2019 09:44:16-INFO-BasePage.py-switch_iframe-[line:152]切换成功
Tue, 18 Jun 2019 09:44:16-INFO-BasePage.py-wait_eleVisible-[line:32]None：等待元素可见：(&apos;xpath&apos;, &apos;//ol[@class=&quot;breadcrumb bc-3&quot;]//*[text()=&quot;数据源管理&quot;]&apos;)
Tue, 18 Jun 2019 09:44:16-INFO-BasePage.py-wait_eleVisible-[line:37]等待时长0.02：以秒为单位
</system-err></testcase><testcase classname="TestCase.test_2_home.TestHome" file="TestCase\test_2_home.py" line="21" name="test_2_home_to_operation_system" time="0.899"><system-out>============测试类中每个测试用例都执行一次的前置============
============测试类中每个测试用例都执行一次的前置============
</system-out><system-err>Tue, 18 Jun 2019 09:44:16-INFO-BasePage.py-wait_eleVisible-[line:32]None：等待元素可见：(&apos;xpath&apos;, &apos;//span[text()=&quot;业务管理&quot;]&apos;)
Tue, 18 Jun 2019 09:44:16-INFO-BasePage.py-wait_eleVisible-[line:37]等待时长0.02：以秒为单位
Tue, 18 Jun 2019 09:44:16-INFO-BasePage.py-get_Element-[line:45]None：查找元素：(&apos;xpath&apos;, &apos;//span[text()=&quot;业务管理&quot;]&apos;)
Tue, 18 Jun 2019 09:44:16-INFO-BasePage.py-hover_element-[line:71]None:元素：(&apos;xpath&apos;, &apos;//span[text()=&quot;业务管理&quot;]&apos;)鼠标悬停事件
Tue, 18 Jun 2019 09:44:17-INFO-BasePage.py-wait_eleVisible-[line:32]None：等待元素可见：(&apos;xpath&apos;, &apos;//span[text()=&quot;应用管理&quot;]&apos;)
Tue, 18 Jun 2019 09:44:17-INFO-BasePage.py-wait_eleVisible-[line:37]等待时长0.02：以秒为单位
Tue, 18 Jun 2019 09:44:17-INFO-BasePage.py-get_Element-[line:45]None：查找元素：(&apos;xpath&apos;, &apos;//span[text()=&quot;应用管理&quot;]&apos;)
Tue, 18 Jun 2019 09:44:17-INFO-BasePage.py-click_element-[line:85]None:元素：(&apos;xpath&apos;, &apos;//span[text()=&quot;应用管理&quot;]&apos;)点击事件
Tue, 18 Jun 2019 09:44:17-INFO-BasePage.py-switch_iframe-[line:148]iframe切换操作：
Tue, 18 Jun 2019 09:44:17-INFO-BasePage.py-switch_iframe-[line:152]切换成功
Tue, 18 Jun 2019 09:44:17-INFO-BasePage.py-wait_eleVisible-[line:32]None：等待元素可见：(&apos;xpath&apos;, &apos;//strong[text()=&quot;业务系统管理&quot;]&apos;)
Tue, 18 Jun 2019 09:44:17-INFO-BasePage.py-wait_eleVisible-[line:37]等待时长0.03：以秒为单位
</system-err></testcase><testcase classname="TestCase.test_2_home.TestHome" file="TestCase\test_2_home.py" line="26" name="test_3_add_operation_system" time="3.075"><system-out>============测试类中每个测试用例都执行一次的前置============
============测试类中每个测试用例都执行一次的前置============
</system-out><system-err>Tue, 18 Jun 2019 09:44:17-INFO-BasePage.py-wait_eleVisible-[line:32]None：等待元素可见：(&apos;xpath&apos;, &apos;//span[text()=&quot;业务管理&quot;]&apos;)
Tue, 18 Jun 2019 09:44:17-INFO-BasePage.py-wait_eleVisible-[line:37]等待时长0.02：以秒为单位
Tue, 18 Jun 2019 09:44:17-INFO-BasePage.py-get_Element-[line:45]None：查找元素：(&apos;xpath&apos;, &apos;//span[text()=&quot;业务管理&quot;]&apos;)
Tue, 18 Jun 2019 09:44:17-INFO-BasePage.py-hover_element-[line:71]None:元素：(&apos;xpath&apos;, &apos;//span[text()=&quot;业务管理&quot;]&apos;)鼠标悬停事件
Tue, 18 Jun 2019 09:44:17-INFO-BasePage.py-wait_eleVisible-[line:32]None：等待元素可见：(&apos;xpath&apos;, &apos;//span[text()=&quot;应用管理&quot;]&apos;)
Tue, 18 Jun 2019 09:44:17-INFO-BasePage.py-wait_eleVisible-[line:37]等待时长0.01：以秒为单位
Tue, 18 Jun 2019 09:44:17-INFO-BasePage.py-get_Element-[line:45]None：查找元素：(&apos;xpath&apos;, &apos;//span[text()=&quot;应用管理&quot;]&apos;)
Tue, 18 Jun 2019 09:44:17-INFO-BasePage.py-click_element-[line:85]None:元素：(&apos;xpath&apos;, &apos;//span[text()=&quot;应用管理&quot;]&apos;)点击事件
Tue, 18 Jun 2019 09:44:18-INFO-BasePage.py-switch_iframe-[line:148]iframe切换操作：
Tue, 18 Jun 2019 09:44:18-INFO-BasePage.py-switch_iframe-[line:152]切换成功
Tue, 18 Jun 2019 09:44:18-INFO-BasePage.py-wait_eleVisible-[line:32]None：等待元素可见：(&apos;xpath&apos;, &apos;//a[@id=&quot;add&quot;]&apos;)
Tue, 18 Jun 2019 09:44:18-INFO-BasePage.py-wait_eleVisible-[line:37]等待时长0.02：以秒为单位
Tue, 18 Jun 2019 09:44:18-INFO-BasePage.py-get_Element-[line:45]None：查找元素：(&apos;xpath&apos;, &apos;//a[@id=&quot;add&quot;]&apos;)
Tue, 18 Jun 2019 09:44:18-INFO-BasePage.py-click_element-[line:85]None:元素：(&apos;xpath&apos;, &apos;//a[@id=&quot;add&quot;]&apos;)点击事件
Tue, 18 Jun 2019 09:44:18-INFO-BasePage.py-wait_eleVisible-[line:32]None：等待元素可见：(&apos;xpath&apos;, &apos;//div[@id=&quot;addModalTable&quot;]//input[@id=&quot;zhName&quot;]&apos;)
Tue, 18 Jun 2019 09:44:19-INFO-BasePage.py-wait_eleVisible-[line:37]等待时长0.54：以秒为单位
Tue, 18 Jun 2019 09:44:19-INFO-BasePage.py-get_Element-[line:45]None：查找元素：(&apos;xpath&apos;, &apos;//div[@id=&quot;addModalTable&quot;]//input[@id=&quot;zhName&quot;]&apos;)
Tue, 18 Jun 2019 09:44:19-INFO-BasePage.py-input_text-[line:58]None：在元素(&apos;xpath&apos;, &apos;//div[@id=&quot;addModalTable&quot;]//input[@id=&quot;zhName&quot;]&apos;)中输入文本：功能自动化测试一
Tue, 18 Jun 2019 09:44:19-INFO-BasePage.py-wait_eleVisible-[line:32]None：等待元素可见：(&apos;xpath&apos;, &apos;//div[@id=&quot;addModalTable&quot;]//input[@id=&quot;code&quot;]&apos;)
Tue, 18 Jun 2019 09:44:19-INFO-BasePage.py-wait_eleVisible-[line:37]等待时长0.02：以秒为单位
Tue, 18 Jun 2019 09:44:19-INFO-BasePage.py-get_Element-[line:45]None：查找元素：(&apos;xpath&apos;, &apos;//div[@id=&quot;addModalTable&quot;]//input[@id=&quot;code&quot;]&apos;)
Tue, 18 Jun 2019 09:44:19-INFO-BasePage.py-input_text-[line:58]None：在元素(&apos;xpath&apos;, &apos;//div[@id=&quot;addModalTable&quot;]//input[@id=&quot;code&quot;]&apos;)中输入文本：123456789
Tue, 18 Jun 2019 09:44:19-INFO-BasePage.py-wait_eleVisible-[line:32]None：等待元素可见：(&apos;xpath&apos;, &apos;// div[ @ id = &quot;addModalTable&quot;]//input[ @ id = &quot;shortZhName&quot;]&apos;)
Tue, 18 Jun 2019 09:44:19-INFO-BasePage.py-wait_eleVisible-[line:37]等待时长0.02：以秒为单位
Tue, 18 Jun 2019 09:44:19-INFO-BasePage.py-get_Element-[line:45]None：查找元素：(&apos;xpath&apos;, &apos;// div[ @ id = &quot;addModalTable&quot;]//input[ @ id = &quot;shortZhName&quot;]&apos;)
Tue, 18 Jun 2019 09:44:19-INFO-BasePage.py-input_text-[line:58]None：在元素(&apos;xpath&apos;, &apos;// div[ @ id = &quot;addModalTable&quot;]//input[ @ id = &quot;shortZhName&quot;]&apos;)中输入文本：自动化测试一
Tue, 18 Jun 2019 09:44:19-INFO-BasePage.py-wait_eleVisible-[line:32]None：等待元素可见：(&apos;xpath&apos;, &apos;// div[ @ id = &quot;addModalTable&quot;]//input[ @ id = &quot;enName&quot;]&apos;)
Tue, 18 Jun 2019 09:44:19-INFO-BasePage.py-wait_eleVisible-[line:37]等待时长0.02：以秒为单位
Tue, 18 Jun 2019 09:44:19-INFO-BasePage.py-get_Element-[line:45]None：查找元素：(&apos;xpath&apos;, &apos;// div[ @ id = &quot;addModalTable&quot;]//input[ @ id = &quot;enName&quot;]&apos;)
Tue, 18 Jun 2019 09:44:19-INFO-BasePage.py-input_text-[line:58]None：在元素(&apos;xpath&apos;, &apos;// div[ @ id = &quot;addModalTable&quot;]//input[ @ id = &quot;enName&quot;]&apos;)中输入文本：uiAutoTestOne
Tue, 18 Jun 2019 09:44:19-INFO-BasePage.py-wait_eleVisible-[line:32]None：等待元素可见：(&apos;xpath&apos;, &apos;// div[ @ id = &quot;addModalTable&quot;]//input[ @ id = &quot;shortEnName&quot;]&apos;)
Tue, 18 Jun 2019 09:44:19-INFO-BasePage.py-wait_eleVisible-[line:37]等待时长0.02：以秒为单位
Tue, 18 Jun 2019 09:44:19-INFO-BasePage.py-get_Element-[line:45]None：查找元素：(&apos;xpath&apos;, &apos;// div[ @ id = &quot;addModalTable&quot;]//input[ @ id = &quot;shortEnName&quot;]&apos;)
Tue, 18 Jun 2019 09:44:19-INFO-BasePage.py-input_text-[line:58]None：在元素(&apos;xpath&apos;, &apos;// div[ @ id = &quot;addModalTable&quot;]//input[ @ id = &quot;shortEnName&quot;]&apos;)中输入文本：autoTestOne
Tue, 18 Jun 2019 09:44:19-INFO-BasePage.py-wait_eleVisible-[line:32]None：等待元素可见：(&apos;xpath&apos;, &apos;// div[ @ id = &quot;addModalTable&quot;]//input[ @ id = &quot;remark&quot;]&apos;)
Tue, 18 Jun 2019 09:44:19-INFO-BasePage.py-wait_eleVisible-[line:37]等待时长0.02：以秒为单位
Tue, 18 Jun 2019 09:44:19-INFO-BasePage.py-get_Element-[line:45]None：查找元素：(&apos;xpath&apos;, &apos;// div[ @ id = &quot;addModalTable&quot;]//input[ @ id = &quot;remark&quot;]&apos;)
Tue, 18 Jun 2019 09:44:19-INFO-BasePage.py-input_text-[line:58]None：在元素(&apos;xpath&apos;, &apos;// div[ @ id = &quot;addModalTable&quot;]//input[ @ id = &quot;remark&quot;]&apos;)中输入文本：这个业务系统是用来做自动化测试的，请勿删除
Tue, 18 Jun 2019 09:44:19-INFO-BasePage.py-wait_eleVisible-[line:32]None：等待元素可见：(&apos;xpath&apos;, &apos;// div[ @ id = &quot;addModalTable&quot;]//input[ @ id = &quot;version&quot;]&apos;)
Tue, 18 Jun 2019 09:44:19-INFO-BasePage.py-wait_eleVisible-[line:37]等待时长0.02：以秒为单位
Tue, 18 Jun 2019 09:44:19-INFO-BasePage.py-get_Element-[line:45]None：查找元素：(&apos;xpath&apos;, &apos;// div[ @ id = &quot;addModalTable&quot;]//input[ @ id = &quot;version&quot;]&apos;)
Tue, 18 Jun 2019 09:44:19-INFO-BasePage.py-input_text-[line:58]None：在元素(&apos;xpath&apos;, &apos;// div[ @ id = &quot;addModalTable&quot;]//input[ @ id = &quot;version&quot;]&apos;)中输入文本：1.0
Tue, 18 Jun 2019 09:44:19-INFO-BasePage.py-wait_eleVisible-[line:32]None：等待元素可见：(&apos;xpath&apos;, &apos;// div[ @ id = &quot;addModalTable&quot;] // input[ @ id = &quot;dept&quot;]&apos;)
Tue, 18 Jun 2019 09:44:20-INFO-BasePage.py-wait_eleVisible-[line:37]等待时长0.04：以秒为单位
Tue, 18 Jun 2019 09:44:20-INFO-BasePage.py-get_Element-[line:45]None：查找元素：(&apos;xpath&apos;, &apos;// div[ @ id = &quot;addModalTable&quot;] // input[ @ id = &quot;dept&quot;]&apos;)
Tue, 18 Jun 2019 09:44:20-INFO-BasePage.py-input_text-[line:58]None：在元素(&apos;xpath&apos;, &apos;// div[ @ id = &quot;addModalTable&quot;] // input[ @ id = &quot;dept&quot;]&apos;)中输入文本：产品质量保障部
Tue, 18 Jun 2019 09:44:20-INFO-BasePage.py-wait_eleVisible-[line:32]None：等待元素可见：(&apos;xpath&apos;, &apos;// div[ @ id = &quot;addModalTable&quot;] // input[ @ id = &quot;contactor&quot;]&apos;)
Tue, 18 Jun 2019 09:44:20-INFO-BasePage.py-wait_eleVisible-[line:37]等待时长0.02：以秒为单位
Tue, 18 Jun 2019 09:44:20-INFO-BasePage.py-get_Element-[line:45]None：查找元素：(&apos;xpath&apos;, &apos;// div[ @ id = &quot;addModalTable&quot;] // input[ @ id = &quot;contactor&quot;]&apos;)
Tue, 18 Jun 2019 09:44:20-INFO-BasePage.py-input_text-[line:58]None：在元素(&apos;xpath&apos;, &apos;// div[ @ id = &quot;addModalTable&quot;] // input[ @ id = &quot;contactor&quot;]&apos;)中输入文本：产品测试员一
Tue, 18 Jun 2019 09:44:20-INFO-BasePage.py-wait_eleVisible-[line:32]None：等待元素可见：(&apos;xpath&apos;, &apos;// div[ @ id = &quot;addModalTable&quot;] // input[ @ id = &quot;mobile&quot;]&apos;)
Tue, 18 Jun 2019 09:44:20-INFO-BasePage.py-wait_eleVisible-[line:37]等待时长0.02：以秒为单位
Tue, 18 Jun 2019 09:44:20-INFO-BasePage.py-get_Element-[line:45]None：查找元素：(&apos;xpath&apos;, &apos;// div[ @ id = &quot;addModalTable&quot;] // input[ @ id = &quot;mobile&quot;]&apos;)
Tue, 18 Jun 2019 09:44:20-INFO-BasePage.py-input_text-[line:58]None：在元素(&apos;xpath&apos;, &apos;// div[ @ id = &quot;addModalTable&quot;] // input[ @ id = &quot;mobile&quot;]&apos;)中输入文本：18610430001
Tue, 18 Jun 2019 09:44:20-INFO-BasePage.py-wait_eleVisible-[line:32]None：等待元素可见：(&apos;xpath&apos;, &apos;// div[ @ id = &quot;addModalTable&quot;] // input[ @ id = &quot;email&quot;]&apos;)
Tue, 18 Jun 2019 09:44:20-INFO-BasePage.py-wait_eleVisible-[line:37]等待时长0.02：以秒为单位
Tue, 18 Jun 2019 09:44:20-INFO-BasePage.py-get_Element-[line:45]None：查找元素：(&apos;xpath&apos;, &apos;// div[ @ id = &quot;addModalTable&quot;] // input[ @ id = &quot;email&quot;]&apos;)
Tue, 18 Jun 2019 09:44:20-INFO-BasePage.py-input_text-[line:58]None：在元素(&apos;xpath&apos;, &apos;// div[ @ id = &quot;addModalTable&quot;] // input[ @ id = &quot;email&quot;]&apos;)中输入文本：li.qi@yoyosys.com.cn
Tue, 18 Jun 2019 09:44:20-INFO-BasePage.py-wait_eleVisible-[line:32]None：等待元素可见：(&apos;xpath&apos;, &apos;// div[ @ id = &quot;addModalTable&quot;] // button[@class =&quot;btn btn-primary btn-add&quot;]&apos;)
Tue, 18 Jun 2019 09:44:20-INFO-BasePage.py-wait_eleVisible-[line:37]等待时长0.02：以秒为单位
Tue, 18 Jun 2019 09:44:20-INFO-BasePage.py-get_Element-[line:45]None：查找元素：(&apos;xpath&apos;, &apos;// div[ @ id = &quot;addModalTable&quot;] // button[@class =&quot;btn btn-primary btn-add&quot;]&apos;)
Tue, 18 Jun 2019 09:44:20-INFO-BasePage.py-click_element-[line:85]None:元素：(&apos;xpath&apos;, &apos;// div[ @ id = &quot;addModalTable&quot;] // button[@class =&quot;btn btn-primary btn-add&quot;]&apos;)点击事件
Tue, 18 Jun 2019 09:44:20-INFO-BasePage.py-wait_eleVisible-[line:32]None：等待元素可见：(&apos;xpath&apos;, &apos;//*[text()=&quot;功能自动化测试一&quot;]&apos;)
Tue, 18 Jun 2019 09:44:20-INFO-BasePage.py-wait_eleVisible-[line:37]等待时长0.54：以秒为单位
</system-err></testcase><testcase classname="TestCase.test_2_home.TestHome" file="TestCase\test_2_home.py" line="31" name="test_3_delete_operation_system" time="8.984"><system-out>============测试类中每个测试用例都执行一次的前置============
============测试类中每个测试用例都执行一次的前置============
</system-out><system-err>Tue, 18 Jun 2019 09:44:20-INFO-BasePage.py-wait_eleVisible-[line:32]None：等待元素可见：(&apos;xpath&apos;, &apos;//span[text()=&quot;业务管理&quot;]&apos;)
Tue, 18 Jun 2019 09:44:20-INFO-BasePage.py-wait_eleVisible-[line:37]等待时长0.02：以秒为单位
Tue, 18 Jun 2019 09:44:20-INFO-BasePage.py-get_Element-[line:45]None：查找元素：(&apos;xpath&apos;, &apos;//span[text()=&quot;业务管理&quot;]&apos;)
Tue, 18 Jun 2019 09:44:20-INFO-BasePage.py-hover_element-[line:71]None:元素：(&apos;xpath&apos;, &apos;//span[text()=&quot;业务管理&quot;]&apos;)鼠标悬停事件
Tue, 18 Jun 2019 09:44:20-INFO-BasePage.py-wait_eleVisible-[line:32]None：等待元素可见：(&apos;xpath&apos;, &apos;//span[text()=&quot;应用管理&quot;]&apos;)
Tue, 18 Jun 2019 09:44:21-INFO-BasePage.py-wait_eleVisible-[line:37]等待时长0.53：以秒为单位
Tue, 18 Jun 2019 09:44:21-INFO-BasePage.py-get_Element-[line:45]None：查找元素：(&apos;xpath&apos;, &apos;//span[text()=&quot;应用管理&quot;]&apos;)
Tue, 18 Jun 2019 09:44:21-INFO-BasePage.py-click_element-[line:85]None:元素：(&apos;xpath&apos;, &apos;//span[text()=&quot;应用管理&quot;]&apos;)点击事件
Tue, 18 Jun 2019 09:44:21-INFO-BasePage.py-switch_iframe-[line:148]iframe切换操作：
Tue, 18 Jun 2019 09:44:22-INFO-BasePage.py-switch_iframe-[line:152]切换成功
Tue, 18 Jun 2019 09:44:22-INFO-BasePage.py-wait_eleVisible-[line:32]None：等待元素可见：(&apos;xpath&apos;, &apos;//*[text()=&quot;功能自动化测试一&quot;]//parent::tr//*[text()=&quot;删除&quot;]&apos;)
Tue, 18 Jun 2019 09:44:22-INFO-BasePage.py-wait_eleVisible-[line:37]等待时长0.02：以秒为单位
Tue, 18 Jun 2019 09:44:22-INFO-BasePage.py-get_Element-[line:45]None：查找元素：(&apos;xpath&apos;, &apos;//*[text()=&quot;功能自动化测试一&quot;]//parent::tr//*[text()=&quot;删除&quot;]&apos;)
Tue, 18 Jun 2019 09:44:22-INFO-BasePage.py-click_element-[line:85]None:元素：(&apos;xpath&apos;, &apos;//*[text()=&quot;功能自动化测试一&quot;]//parent::tr//*[text()=&quot;删除&quot;]&apos;)点击事件
Tue, 18 Jun 2019 09:44:24-INFO-BasePage.py-wait_eleVisible-[line:32]None：等待元素可见：(&apos;xpath&apos;, &apos;// div[ @id=&quot;deleteModalTable&quot;]//button[text()=&quot;确定&quot;]&apos;)
Tue, 18 Jun 2019 09:44:24-INFO-BasePage.py-wait_eleVisible-[line:37]等待时长0.02：以秒为单位
Tue, 18 Jun 2019 09:44:24-INFO-BasePage.py-get_Element-[line:45]None：查找元素：(&apos;xpath&apos;, &apos;// div[ @id=&quot;deleteModalTable&quot;]//button[text()=&quot;确定&quot;]&apos;)
Tue, 18 Jun 2019 09:44:24-INFO-BasePage.py-click_element-[line:85]None:元素：(&apos;xpath&apos;, &apos;// div[ @id=&quot;deleteModalTable&quot;]//button[text()=&quot;确定&quot;]&apos;)点击事件
Tue, 18 Jun 2019 09:44:26-INFO-BasePage.py-wait_eleVisible-[line:32]None：等待元素可见：(&apos;xpath&apos;, &apos;//*[text()=&quot;功能自动化测试一&quot;]&apos;)
Tue, 18 Jun 2019 09:44:29-ERROR-BasePage.py-wait_eleVisible-[line:39]等待元素可见失败。
Tue, 18 Jun 2019 09:44:29-INFO-BasePage.py-save_webImgs-[line:142]截屏成功,图片路径为D:\YOYO\auto_web_echo_v1\TestResult\imgs/None_2019-06-18-09-44-29.png
</system-err></testcase><testcase classname="TestCase.test_2_home.TestHome" file="TestCase\test_2_home.py" line="38" name="test_4_home_to_script" time="1.426"><system-out>============测试类中每个测试用例都执行一次的前置============
============测试类中每个测试用例都执行一次的前置============
</system-out><system-err>Tue, 18 Jun 2019 09:44:29-INFO-BasePage.py-wait_eleVisible-[line:32]None：等待元素可见：(&apos;xpath&apos;, &apos;//span[text()=&quot;作业设计&quot;]&apos;)
Tue, 18 Jun 2019 09:44:29-INFO-BasePage.py-wait_eleVisible-[line:37]等待时长0.02：以秒为单位
Tue, 18 Jun 2019 09:44:29-INFO-BasePage.py-get_Element-[line:45]None：查找元素：(&apos;xpath&apos;, &apos;//span[text()=&quot;作业设计&quot;]&apos;)
Tue, 18 Jun 2019 09:44:29-INFO-BasePage.py-hover_element-[line:71]None:元素：(&apos;xpath&apos;, &apos;//span[text()=&quot;作业设计&quot;]&apos;)鼠标悬停事件
Tue, 18 Jun 2019 09:44:29-INFO-BasePage.py-wait_eleVisible-[line:32]None：等待元素可见：(&apos;xpath&apos;, &apos;//span[text()=&quot;脚本管理&quot;]&apos;)
Tue, 18 Jun 2019 09:44:30-INFO-BasePage.py-wait_eleVisible-[line:37]等待时长0.56：以秒为单位
Tue, 18 Jun 2019 09:44:30-INFO-BasePage.py-get_Element-[line:45]None：查找元素：(&apos;xpath&apos;, &apos;//span[text()=&quot;脚本管理&quot;]&apos;)
Tue, 18 Jun 2019 09:44:30-INFO-BasePage.py-click_element-[line:85]None:元素：(&apos;xpath&apos;, &apos;//span[text()=&quot;脚本管理&quot;]&apos;)点击事件
Tue, 18 Jun 2019 09:44:30-INFO-BasePage.py-switch_iframe-[line:148]iframe切换操作：
Tue, 18 Jun 2019 09:44:31-INFO-BasePage.py-switch_iframe-[line:152]切换成功
Tue, 18 Jun 2019 09:44:31-INFO-BasePage.py-wait_eleVisible-[line:32]None：等待元素可见：(&apos;xpath&apos;, &apos;//ol[@class=&quot;breadcrumb bc-3&quot;]//*[text()=&quot;脚本管理&quot;]&apos;)
Tue, 18 Jun 2019 09:44:31-INFO-BasePage.py-wait_eleVisible-[line:37]等待时长0.02：以秒为单位
</system-err></testcase><testcase classname="TestCase.test_2_home.TestHome" file="TestCase\test_2_home.py" line="43" name="test_5_add_script" time="5.794"><system-out>============测试类中每个测试用例都执行一次的前置============
============测试类中每个测试用例都执行一次的前置============
</system-out><system-err>Tue, 18 Jun 2019 09:44:31-INFO-BasePage.py-wait_eleVisible-[line:32]None：等待元素可见：(&apos;xpath&apos;, &apos;//span[text()=&quot;作业设计&quot;]&apos;)
Tue, 18 Jun 2019 09:44:31-INFO-BasePage.py-wait_eleVisible-[line:37]等待时长0.02：以秒为单位
Tue, 18 Jun 2019 09:44:31-INFO-BasePage.py-get_Element-[line:45]None：查找元素：(&apos;xpath&apos;, &apos;//span[text()=&quot;作业设计&quot;]&apos;)
Tue, 18 Jun 2019 09:44:31-INFO-BasePage.py-hover_element-[line:71]None:元素：(&apos;xpath&apos;, &apos;//span[text()=&quot;作业设计&quot;]&apos;)鼠标悬停事件
Tue, 18 Jun 2019 09:44:31-INFO-BasePage.py-wait_eleVisible-[line:32]None：等待元素可见：(&apos;xpath&apos;, &apos;//span[text()=&quot;脚本管理&quot;]&apos;)
Tue, 18 Jun 2019 09:44:31-INFO-BasePage.py-wait_eleVisible-[line:37]等待时长0.02：以秒为单位
Tue, 18 Jun 2019 09:44:31-INFO-BasePage.py-get_Element-[line:45]None：查找元素：(&apos;xpath&apos;, &apos;//span[text()=&quot;脚本管理&quot;]&apos;)
Tue, 18 Jun 2019 09:44:31-INFO-BasePage.py-click_element-[line:85]None:元素：(&apos;xpath&apos;, &apos;//span[text()=&quot;脚本管理&quot;]&apos;)点击事件
Tue, 18 Jun 2019 09:44:31-INFO-BasePage.py-switch_iframe-[line:148]iframe切换操作：
Tue, 18 Jun 2019 09:44:32-INFO-BasePage.py-switch_iframe-[line:152]切换成功
Tue, 18 Jun 2019 09:44:32-INFO-BasePage.py-wait_eleVisible-[line:32]None：等待元素可见：(&apos;xpath&apos;, &apos;//a[@id=&quot;add&quot;]&apos;)
Tue, 18 Jun 2019 09:44:32-INFO-BasePage.py-wait_eleVisible-[line:37]等待时长0.02：以秒为单位
Tue, 18 Jun 2019 09:44:32-INFO-BasePage.py-get_Element-[line:45]None：查找元素：(&apos;xpath&apos;, &apos;//a[@id=&quot;add&quot;]&apos;)
Tue, 18 Jun 2019 09:44:32-INFO-BasePage.py-click_element-[line:85]None:元素：(&apos;xpath&apos;, &apos;//a[@id=&quot;add&quot;]&apos;)点击事件
Tue, 18 Jun 2019 09:44:32-INFO-BasePage.py-wait_eleVisible-[line:32]None：等待元素可见：(&apos;xpath&apos;, &apos;//div[@id=&quot;addModalTable&quot;]//input[@id=&quot;name&quot;]&apos;)
Tue, 18 Jun 2019 09:44:32-INFO-BasePage.py-wait_eleVisible-[line:37]等待时长0.03：以秒为单位
Tue, 18 Jun 2019 09:44:32-INFO-BasePage.py-get_Element-[line:45]None：查找元素：(&apos;xpath&apos;, &apos;//div[@id=&quot;addModalTable&quot;]//input[@id=&quot;name&quot;]&apos;)
Tue, 18 Jun 2019 09:44:32-INFO-BasePage.py-input_text-[line:58]None：在元素(&apos;xpath&apos;, &apos;//div[@id=&quot;addModalTable&quot;]//input[@id=&quot;name&quot;]&apos;)中输入文本：auto_script_01.sh
Tue, 18 Jun 2019 09:44:32-INFO-BasePage.py-wait_eleVisible-[line:32]None：等待元素可见：(&apos;xpath&apos;, &apos;//div[@id=&quot;addModalTable&quot;]//input[@id=&quot;scriptPath&quot;]&apos;)
Tue, 18 Jun 2019 09:44:32-INFO-BasePage.py-wait_eleVisible-[line:37]等待时长0.03：以秒为单位
Tue, 18 Jun 2019 09:44:32-INFO-BasePage.py-get_Element-[line:45]None：查找元素：(&apos;xpath&apos;, &apos;//div[@id=&quot;addModalTable&quot;]//input[@id=&quot;scriptPath&quot;]&apos;)
Tue, 18 Jun 2019 09:44:32-INFO-BasePage.py-input_text-[line:58]None：在元素(&apos;xpath&apos;, &apos;//div[@id=&quot;addModalTable&quot;]//input[@id=&quot;scriptPath&quot;]&apos;)中输入文本：/opt/auto_script_01.sh
Tue, 18 Jun 2019 09:44:32-INFO-BasePage.py-wait_eleVisible-[line:32]None：等待元素可见：(&apos;xpath&apos;, &apos;//form[@id=&quot;addForm&quot;]//select[@id=&quot;scriptType&quot;]&apos;)
Tue, 18 Jun 2019 09:44:32-INFO-BasePage.py-wait_eleVisible-[line:37]等待时长0.02：以秒为单位
Tue, 18 Jun 2019 09:44:32-INFO-BasePage.py-get_Element-[line:45]None：查找元素：(&apos;xpath&apos;, &apos;//form[@id=&quot;addForm&quot;]//select[@id=&quot;scriptType&quot;]&apos;)
Tue, 18 Jun 2019 09:44:32-INFO-BasePage.py-wait_eleVisible-[line:32]None：等待元素可见：(&apos;xpath&apos;, &apos;//form[@id=&quot;addForm&quot;]//select[@id=&quot;dbType&quot;]&apos;)
Tue, 18 Jun 2019 09:44:32-INFO-BasePage.py-wait_eleVisible-[line:37]等待时长0.03：以秒为单位
Tue, 18 Jun 2019 09:44:32-INFO-BasePage.py-get_Element-[line:45]None：查找元素：(&apos;xpath&apos;, &apos;//form[@id=&quot;addForm&quot;]//select[@id=&quot;dbType&quot;]&apos;)
Tue, 18 Jun 2019 09:44:32-INFO-BasePage.py-wait_eleVisible-[line:32]None：等待元素可见：(&apos;xpath&apos;, &apos;//div[@id=&quot;addModalTable&quot;]//textarea[@id=&quot;scriptContent&quot;]&apos;)
Tue, 18 Jun 2019 09:44:32-INFO-BasePage.py-wait_eleVisible-[line:37]等待时长0.02：以秒为单位
Tue, 18 Jun 2019 09:44:32-INFO-BasePage.py-get_Element-[line:45]None：查找元素：(&apos;xpath&apos;, &apos;//div[@id=&quot;addModalTable&quot;]//textarea[@id=&quot;scriptContent&quot;]&apos;)
Tue, 18 Jun 2019 09:44:32-INFO-BasePage.py-input_text-[line:58]None：在元素(&apos;xpath&apos;, &apos;//div[@id=&quot;addModalTable&quot;]//textarea[@id=&quot;scriptContent&quot;]&apos;)中输入文本：#!/usr/bin/bash            echo &quot;hello me&quot;            echo&gt;/root/testfile_01.txt
Tue, 18 Jun 2019 09:44:32-INFO-BasePage.py-get_Element-[line:45]None：查找元素：(&apos;xpath&apos;, &apos;//div[@id=&quot;addModalTable&quot;]//input[@class=&quot;proval form-control&quot;]&apos;)
Tue, 18 Jun 2019 09:44:32-INFO-BasePage.py-input_text-[line:58]None：在元素(&apos;xpath&apos;, &apos;//div[@id=&quot;addModalTable&quot;]//input[@class=&quot;proval form-control&quot;]&apos;)中输入文本：172.16.12.28
Tue, 18 Jun 2019 09:44:35-INFO-BasePage.py-get_Element-[line:45]None：查找元素：(&apos;xpath&apos;, &apos;//div[@id=&quot;addModalTable&quot;]//button[text()=&quot;提交&quot;]&apos;)
Tue, 18 Jun 2019 09:44:35-INFO-BasePage.py-click_element-[line:85]None:元素：(&apos;xpath&apos;, &apos;//div[@id=&quot;addModalTable&quot;]//button[text()=&quot;提交&quot;]&apos;)点击事件
Tue, 18 Jun 2019 09:44:37-INFO-BasePage.py-wait_eleVisible-[line:32]None：等待元素可见：(&apos;xpath&apos;, &apos;//td[text()=&quot;auto_script_01.sh&quot;]&apos;)
Tue, 18 Jun 2019 09:44:37-INFO-BasePage.py-wait_eleVisible-[line:37]等待时长0.02：以秒为单位
</system-err></testcase><testcase classname="TestCase.test_2_home.TestHome" file="TestCase\test_2_home.py" line="47" name="test_6_del_script" time="2.094"><system-out>============测试类中每个测试用例都执行一次的前置============
============测试类中每个测试用例都执行一次的前置============
</system-out><system-err>Tue, 18 Jun 2019 09:44:37-INFO-BasePage.py-wait_eleVisible-[line:32]None：等待元素可见：(&apos;xpath&apos;, &apos;//span[text()=&quot;作业设计&quot;]&apos;)
Tue, 18 Jun 2019 09:44:37-INFO-BasePage.py-wait_eleVisible-[line:37]等待时长0.01：以秒为单位
Tue, 18 Jun 2019 09:44:37-INFO-BasePage.py-get_Element-[line:45]None：查找元素：(&apos;xpath&apos;, &apos;//span[text()=&quot;作业设计&quot;]&apos;)
Tue, 18 Jun 2019 09:44:37-INFO-BasePage.py-hover_element-[line:71]None:元素：(&apos;xpath&apos;, &apos;//span[text()=&quot;作业设计&quot;]&apos;)鼠标悬停事件
Tue, 18 Jun 2019 09:44:37-INFO-BasePage.py-wait_eleVisible-[line:32]None：等待元素可见：(&apos;xpath&apos;, &apos;//span[text()=&quot;脚本管理&quot;]&apos;)
Tue, 18 Jun 2019 09:44:37-INFO-BasePage.py-wait_eleVisible-[line:37]等待时长0.53：以秒为单位
Tue, 18 Jun 2019 09:44:37-INFO-BasePage.py-get_Element-[line:45]None：查找元素：(&apos;xpath&apos;, &apos;//span[text()=&quot;脚本管理&quot;]&apos;)
Tue, 18 Jun 2019 09:44:37-INFO-BasePage.py-click_element-[line:85]None:元素：(&apos;xpath&apos;, &apos;//span[text()=&quot;脚本管理&quot;]&apos;)点击事件
Tue, 18 Jun 2019 09:44:37-INFO-BasePage.py-switch_iframe-[line:148]iframe切换操作：
Tue, 18 Jun 2019 09:44:38-INFO-BasePage.py-switch_iframe-[line:152]切换成功
Tue, 18 Jun 2019 09:44:38-INFO-BasePage.py-wait_eleVisible-[line:32]None：等待元素可见：(&apos;xpath&apos;, &apos;//td[text()=&quot;auto_script_01.sh&quot;]//parent::tr//*[text()=&quot;删除&quot;]&apos;)
Tue, 18 Jun 2019 09:44:38-INFO-BasePage.py-wait_eleVisible-[line:37]等待时长0.03：以秒为单位
Tue, 18 Jun 2019 09:44:38-INFO-BasePage.py-get_Element-[line:45]None：查找元素：(&apos;xpath&apos;, &apos;//td[text()=&quot;auto_script_01.sh&quot;]//parent::tr//*[text()=&quot;删除&quot;]&apos;)
Tue, 18 Jun 2019 09:44:38-INFO-BasePage.py-click_element-[line:85]None:元素：(&apos;xpath&apos;, &apos;//td[text()=&quot;auto_script_01.sh&quot;]//parent::tr//*[text()=&quot;删除&quot;]&apos;)点击事件
Tue, 18 Jun 2019 09:44:38-INFO-BasePage.py-wait_eleVisible-[line:32]None：等待元素可见：(&apos;xpath&apos;, &apos;//div[@id=&quot;deleteModalTable&quot;]//button[text()=&quot;确定&quot;]&apos;)
Tue, 18 Jun 2019 09:44:39-INFO-BasePage.py-wait_eleVisible-[line:37]等待时长0.54：以秒为单位
Tue, 18 Jun 2019 09:44:39-INFO-BasePage.py-get_Element-[line:45]None：查找元素：(&apos;xpath&apos;, &apos;//div[@id=&quot;deleteModalTable&quot;]//button[text()=&quot;确定&quot;]&apos;)
Tue, 18 Jun 2019 09:44:39-INFO-BasePage.py-click_element-[line:85]None:元素：(&apos;xpath&apos;, &apos;//div[@id=&quot;deleteModalTable&quot;]//button[text()=&quot;确定&quot;]&apos;)点击事件
Tue, 18 Jun 2019 09:44:39-INFO-BasePage.py-wait_eleVisible-[line:32]None：等待元素可见：(&apos;xpath&apos;, &apos;//td[text()=&quot;auto_script_01.sh&quot;]&apos;)
Tue, 18 Jun 2019 09:44:39-INFO-BasePage.py-wait_eleVisible-[line:37]等待时长0.02：以秒为单位
</system-err></testcase><testcase classname="TestCase.test_2_home.TestHome" file="TestCase\test_2_home.py" line="52" name="test_5_home_jump_designer" time="2.052"><skipped message="unconditional skip" type="pytest.skip">TestCase\test_2_home.py:52: unconditional skip</skipped><system-out>============整个测试类只执行一次的后置======================
</system-out></testcase><testcase classname="TestCase.test_3_designer.TestDesigner" file="TestCase\test_3_designer.py" line="20" name="test_1_none_name" time="10.532"><system-out>============整个测试类只执行一次的前置======================
============测试类中每个测试用例都执行一次的前置============
============测试类中每个测试用例都执行一次的前置============
</system-out><system-err>Tue, 18 Jun 2019 09:44:44-INFO-BasePage.py-wait_eleVisible-[line:32]None：等待元素可见：(&apos;xpath&apos;, &apos;//input[@id=&quot;name&quot;]&apos;)
Tue, 18 Jun 2019 09:44:44-INFO-BasePage.py-wait_eleVisible-[line:37]等待时长0.03：以秒为单位
Tue, 18 Jun 2019 09:44:44-INFO-BasePage.py-get_Element-[line:45]None：查找元素：(&apos;xpath&apos;, &apos;//input[@id=&quot;name&quot;]&apos;)
Tue, 18 Jun 2019 09:44:44-INFO-BasePage.py-input_text-[line:58]None：在元素(&apos;xpath&apos;, &apos;//input[@id=&quot;name&quot;]&apos;)中输入文本：auto_test_2
Tue, 18 Jun 2019 09:44:44-INFO-BasePage.py-get_Element-[line:45]None：查找元素：(&apos;xpath&apos;, &apos;//input[@id=&quot;inputPassword&quot;]&apos;)
Tue, 18 Jun 2019 09:44:44-INFO-BasePage.py-input_text-[line:58]None：在元素(&apos;xpath&apos;, &apos;//input[@id=&quot;inputPassword&quot;]&apos;)中输入文本：123456
Tue, 18 Jun 2019 09:44:44-INFO-BasePage.py-get_Element-[line:45]None：查找元素：(&apos;xpath&apos;, &apos;//a[@id=&quot;login&quot;]&apos;)
Tue, 18 Jun 2019 09:44:44-INFO-BasePage.py-click_element-[line:85]None:元素：(&apos;xpath&apos;, &apos;//a[@id=&quot;login&quot;]&apos;)点击事件
Tue, 18 Jun 2019 09:44:49-INFO-BasePage.py-switch_alert-[line:179]未弹出alert
Tue, 18 Jun 2019 09:44:50-INFO-BasePage.py-wait_eleVisible-[line:32]None：等待元素可见：(&apos;xpath&apos;, &apos;//img[@id=&quot;addBgBac&quot;]&apos;)
Tue, 18 Jun 2019 09:44:51-INFO-BasePage.py-wait_eleVisible-[line:37]等待时长0.06：以秒为单位
Tue, 18 Jun 2019 09:44:51-INFO-BasePage.py-get_Element-[line:45]None：查找元素：(&apos;xpath&apos;, &apos;//img[@id=&quot;addBgBac&quot;]&apos;)
Tue, 18 Jun 2019 09:44:51-INFO-BasePage.py-click_element-[line:85]None:元素：(&apos;xpath&apos;, &apos;//img[@id=&quot;addBgBac&quot;]&apos;)点击事件
Tue, 18 Jun 2019 09:44:51-INFO-BasePage.py-wait_eleVisible-[line:32]None：等待元素可见：(&apos;xpath&apos;, &apos;//input[@id=&quot;bisName&quot;]&apos;)
Tue, 18 Jun 2019 09:44:51-INFO-BasePage.py-wait_eleVisible-[line:37]等待时长0.54：以秒为单位
Tue, 18 Jun 2019 09:44:51-INFO-BasePage.py-get_Element-[line:45]None：查找元素：(&apos;xpath&apos;, &apos;//input[@id=&quot;bisName&quot;]&apos;)
Tue, 18 Jun 2019 09:44:51-INFO-BasePage.py-clear_input_text-[line:96]None：清除元素：(&apos;xpath&apos;, &apos;//input[@id=&quot;bisName&quot;]&apos;)
Tue, 18 Jun 2019 09:44:51-INFO-BasePage.py-get_Element-[line:45]None：查找元素：(&apos;xpath&apos;, &apos;//input[@id=&quot;bisName&quot;]&apos;)
Tue, 18 Jun 2019 09:44:51-INFO-BasePage.py-input_text-[line:58]None：在元素(&apos;xpath&apos;, &apos;//input[@id=&quot;bisName&quot;]&apos;)中输入文本：
Tue, 18 Jun 2019 09:44:51-INFO-BasePage.py-get_Element-[line:45]None：查找元素：(&apos;xpath&apos;, &apos;//a[@id=&quot;btnBusinessAdd&quot;]&apos;)
Tue, 18 Jun 2019 09:44:51-INFO-BasePage.py-click_element-[line:85]None:元素：(&apos;xpath&apos;, &apos;//a[@id=&quot;btnBusinessAdd&quot;]&apos;)点击事件
Tue, 18 Jun 2019 09:44:51-INFO-BasePage.py-wait_eleVisible-[line:32]None：等待元素可见：(&apos;xpath&apos;, &apos;//div[@class=&quot;toast-message&quot;]&apos;)
Tue, 18 Jun 2019 09:44:51-INFO-BasePage.py-wait_eleVisible-[line:37]等待时长0.03：以秒为单位
Tue, 18 Jun 2019 09:44:51-INFO-BasePage.py-wait_eleVisible-[line:32]None：等待元素可见：(&apos;xpath&apos;, &apos;//div[@class=&quot;toast-message&quot;]&apos;)
Tue, 18 Jun 2019 09:44:51-INFO-BasePage.py-wait_eleVisible-[line:37]等待时长0.01：以秒为单位
Tue, 18 Jun 2019 09:44:51-INFO-BasePage.py-get_Element-[line:45]None：查找元素：(&apos;xpath&apos;, &apos;//div[@class=&quot;toast-message&quot;]&apos;)
Tue, 18 Jun 2019 09:44:51-INFO-BasePage.py-get_text-[line:109]None:获取元素:(&apos;xpath&apos;, &apos;//div[@class=&quot;toast-message&quot;]&apos;)的文本内容
Tue, 18 Jun 2019 09:44:51-INFO-BasePage.py-get_text-[line:112]None:元素:(&apos;xpath&apos;, &apos;//div[@class=&quot;toast-message&quot;]&apos;)的文本内容为:业务名称不能为空!
</system-err></testcase><testcase classname="TestCase.test_3_designer.TestDesigner" file="TestCase\test_3_designer.py" line="25" name="test_2_add_job" time="1.739"><system-out>============测试类中每个测试用例都执行一次的前置============
============测试类中每个测试用例都执行一次的前置============
</system-out><system-err>Tue, 18 Jun 2019 09:44:52-INFO-BasePage.py-wait_eleVisible-[line:32]None：等待元素可见：(&apos;xpath&apos;, &apos;//img[@id=&quot;addBgBac&quot;]&apos;)
Tue, 18 Jun 2019 09:44:52-INFO-BasePage.py-wait_eleVisible-[line:37]等待时长0.04：以秒为单位
Tue, 18 Jun 2019 09:44:52-INFO-BasePage.py-get_Element-[line:45]None：查找元素：(&apos;xpath&apos;, &apos;//img[@id=&quot;addBgBac&quot;]&apos;)
Tue, 18 Jun 2019 09:44:52-INFO-BasePage.py-click_element-[line:85]None:元素：(&apos;xpath&apos;, &apos;//img[@id=&quot;addBgBac&quot;]&apos;)点击事件
Tue, 18 Jun 2019 09:44:52-INFO-BasePage.py-wait_eleVisible-[line:32]None：等待元素可见：(&apos;xpath&apos;, &apos;//input[@id=&quot;bisName&quot;]&apos;)
Tue, 18 Jun 2019 09:44:52-INFO-BasePage.py-wait_eleVisible-[line:37]等待时长0.54：以秒为单位
Tue, 18 Jun 2019 09:44:52-INFO-BasePage.py-get_Element-[line:45]None：查找元素：(&apos;xpath&apos;, &apos;//input[@id=&quot;bisName&quot;]&apos;)
Tue, 18 Jun 2019 09:44:52-INFO-BasePage.py-clear_input_text-[line:96]None：清除元素：(&apos;xpath&apos;, &apos;//input[@id=&quot;bisName&quot;]&apos;)
Tue, 18 Jun 2019 09:44:52-INFO-BasePage.py-get_Element-[line:45]None：查找元素：(&apos;xpath&apos;, &apos;//input[@id=&quot;bisName&quot;]&apos;)
Tue, 18 Jun 2019 09:44:52-INFO-BasePage.py-input_text-[line:58]None：在元素(&apos;xpath&apos;, &apos;//input[@id=&quot;bisName&quot;]&apos;)中输入文本：auto_test_2222
Tue, 18 Jun 2019 09:44:52-INFO-BasePage.py-get_Element-[line:45]None：查找元素：(&apos;xpath&apos;, &apos;//a[@id=&quot;btnBusinessAdd&quot;]&apos;)
Tue, 18 Jun 2019 09:44:52-INFO-BasePage.py-click_element-[line:85]None:元素：(&apos;xpath&apos;, &apos;//a[@id=&quot;btnBusinessAdd&quot;]&apos;)点击事件
Tue, 18 Jun 2019 09:44:53-INFO-BasePage.py-wait_eleVisible-[line:32]None：等待元素可见：(&apos;xpath&apos;, &apos;//div[@class=&quot;toast-message&quot;]&apos;)
Tue, 18 Jun 2019 09:44:53-INFO-BasePage.py-wait_eleVisible-[line:37]等待时长0.53：以秒为单位
Tue, 18 Jun 2019 09:44:53-INFO-BasePage.py-wait_eleVisible-[line:32]None：等待元素可见：(&apos;xpath&apos;, &apos;//div[@class=&quot;toast-message&quot;]&apos;)
Tue, 18 Jun 2019 09:44:53-INFO-BasePage.py-wait_eleVisible-[line:37]等待时长0.02：以秒为单位
Tue, 18 Jun 2019 09:44:53-INFO-BasePage.py-get_Element-[line:45]None：查找元素：(&apos;xpath&apos;, &apos;//div[@class=&quot;toast-message&quot;]&apos;)
Tue, 18 Jun 2019 09:44:53-INFO-BasePage.py-get_text-[line:109]None:获取元素:(&apos;xpath&apos;, &apos;//div[@class=&quot;toast-message&quot;]&apos;)的文本内容
Tue, 18 Jun 2019 09:44:53-INFO-BasePage.py-get_text-[line:112]None:元素:(&apos;xpath&apos;, &apos;//div[@class=&quot;toast-message&quot;]&apos;)的文本内容为:业务添加成功!
</system-err></testcase><testcase classname="TestCase.test_3_designer.TestDesigner" file="TestCase\test_3_designer.py" line="32" name="test_3_same_name" time="1.125"><system-out>============测试类中每个测试用例都执行一次的前置============
============测试类中每个测试用例都执行一次的前置============
</system-out><system-err>Tue, 18 Jun 2019 09:44:53-INFO-BasePage.py-wait_eleVisible-[line:32]None：等待元素可见：(&apos;xpath&apos;, &apos;//img[@id=&quot;addBgBac&quot;]&apos;)
Tue, 18 Jun 2019 09:44:53-INFO-BasePage.py-wait_eleVisible-[line:37]等待时长0.04：以秒为单位
Tue, 18 Jun 2019 09:44:53-INFO-BasePage.py-get_Element-[line:45]None：查找元素：(&apos;xpath&apos;, &apos;//img[@id=&quot;addBgBac&quot;]&apos;)
Tue, 18 Jun 2019 09:44:53-INFO-BasePage.py-click_element-[line:85]None:元素：(&apos;xpath&apos;, &apos;//img[@id=&quot;addBgBac&quot;]&apos;)点击事件
Tue, 18 Jun 2019 09:44:53-INFO-BasePage.py-wait_eleVisible-[line:32]None：等待元素可见：(&apos;xpath&apos;, &apos;//input[@id=&quot;bisName&quot;]&apos;)
Tue, 18 Jun 2019 09:44:54-INFO-BasePage.py-wait_eleVisible-[line:37]等待时长0.54：以秒为单位
Tue, 18 Jun 2019 09:44:54-INFO-BasePage.py-get_Element-[line:45]None：查找元素：(&apos;xpath&apos;, &apos;//input[@id=&quot;bisName&quot;]&apos;)
Tue, 18 Jun 2019 09:44:54-INFO-BasePage.py-clear_input_text-[line:96]None：清除元素：(&apos;xpath&apos;, &apos;//input[@id=&quot;bisName&quot;]&apos;)
Tue, 18 Jun 2019 09:44:54-INFO-BasePage.py-get_Element-[line:45]None：查找元素：(&apos;xpath&apos;, &apos;//input[@id=&quot;bisName&quot;]&apos;)
Tue, 18 Jun 2019 09:44:54-INFO-BasePage.py-input_text-[line:58]None：在元素(&apos;xpath&apos;, &apos;//input[@id=&quot;bisName&quot;]&apos;)中输入文本：auto_test_2222
Tue, 18 Jun 2019 09:44:54-INFO-BasePage.py-get_Element-[line:45]None：查找元素：(&apos;xpath&apos;, &apos;//a[@id=&quot;btnBusinessAdd&quot;]&apos;)
Tue, 18 Jun 2019 09:44:54-INFO-BasePage.py-click_element-[line:85]None:元素：(&apos;xpath&apos;, &apos;//a[@id=&quot;btnBusinessAdd&quot;]&apos;)点击事件
Tue, 18 Jun 2019 09:44:54-INFO-BasePage.py-wait_eleVisible-[line:32]None：等待元素可见：(&apos;xpath&apos;, &apos;//div[@class=&quot;toast-message&quot;]&apos;)
Tue, 18 Jun 2019 09:44:54-INFO-BasePage.py-wait_eleVisible-[line:37]等待时长0.03：以秒为单位
Tue, 18 Jun 2019 09:44:54-INFO-BasePage.py-wait_eleVisible-[line:32]None：等待元素可见：(&apos;xpath&apos;, &apos;//div[@class=&quot;toast-message&quot;]&apos;)
Tue, 18 Jun 2019 09:44:54-INFO-BasePage.py-wait_eleVisible-[line:37]等待时长0.02：以秒为单位
Tue, 18 Jun 2019 09:44:54-INFO-BasePage.py-get_Element-[line:45]None：查找元素：(&apos;xpath&apos;, &apos;//div[@class=&quot;toast-message&quot;]&apos;)
Tue, 18 Jun 2019 09:44:54-INFO-BasePage.py-get_text-[line:109]None:获取元素:(&apos;xpath&apos;, &apos;//div[@class=&quot;toast-message&quot;]&apos;)的文本内容
Tue, 18 Jun 2019 09:44:54-INFO-BasePage.py-get_text-[line:112]None:元素:(&apos;xpath&apos;, &apos;//div[@class=&quot;toast-message&quot;]&apos;)的文本内容为:作业名称重复，请重新修改
</system-err></testcase><testcase classname="TestCase.test_3_designer.TestDesigner" file="TestCase\test_3_designer.py" line="38" name="test_4_add_data_source" time="10.836"><system-out>============测试类中每个测试用例都执行一次的前置============
============测试类中每个测试用例都执行一次的前置============
</system-out><system-err>Tue, 18 Jun 2019 09:44:54-INFO-BasePage.py-wait_eleVisible-[line:32]None：等待元素可见：(&apos;xpath&apos;, &apos; //span[text()=&quot;auto_test_2222&quot;]&apos;)
Tue, 18 Jun 2019 09:44:55-INFO-BasePage.py-wait_eleVisible-[line:37]等待时长0.06：以秒为单位
Tue, 18 Jun 2019 09:44:55-INFO-BasePage.py-get_Element-[line:45]None：查找元素：(&apos;xpath&apos;, &apos; //span[text()=&quot;auto_test_2222&quot;]&apos;)
Tue, 18 Jun 2019 09:44:55-INFO-BasePage.py-click_element-[line:85]None:元素：(&apos;xpath&apos;, &apos; //span[text()=&quot;auto_test_2222&quot;]&apos;)点击事件
Tue, 18 Jun 2019 09:44:55-INFO-BasePage.py-wait_eleVisible-[line:32]None：等待元素可见：(&apos;xpath&apos;, &apos;//span[text()=&quot;数据源&quot;]&apos;)
Tue, 18 Jun 2019 09:44:55-INFO-BasePage.py-wait_eleVisible-[line:37]等待时长0.03：以秒为单位
Tue, 18 Jun 2019 09:44:55-INFO-BasePage.py-get_Element-[line:45]None：查找元素：(&apos;xpath&apos;, &apos;//span[text()=&quot;数据源&quot;]&apos;)
Tue, 18 Jun 2019 09:44:55-INFO-BasePage.py-click_element-[line:85]None:元素：(&apos;xpath&apos;, &apos;//span[text()=&quot;数据源&quot;]&apos;)点击事件
Tue, 18 Jun 2019 09:44:55-INFO-BasePage.py-wait_eleVisible-[line:32]None：等待元素可见：(&apos;xpath&apos;, &apos;//span[text()=&quot;添加&quot;]&apos;)
Tue, 18 Jun 2019 09:44:55-INFO-BasePage.py-wait_eleVisible-[line:37]等待时长0.04：以秒为单位
Tue, 18 Jun 2019 09:44:55-INFO-BasePage.py-get_Element-[line:45]None：查找元素：(&apos;xpath&apos;, &apos;//span[text()=&quot;添加&quot;]&apos;)
Tue, 18 Jun 2019 09:44:55-INFO-BasePage.py-click_element-[line:85]None:元素：(&apos;xpath&apos;, &apos;//span[text()=&quot;添加&quot;]&apos;)点击事件
Tue, 18 Jun 2019 09:44:55-INFO-BasePage.py-wait_eleVisible-[line:32]None：等待元素可见：(&apos;xpath&apos;, &apos;//span[@id=&quot;dataTree_1_switch&quot;]&apos;)
Tue, 18 Jun 2019 09:44:55-INFO-BasePage.py-wait_eleVisible-[line:37]等待时长0.54：以秒为单位
Tue, 18 Jun 2019 09:44:55-INFO-BasePage.py-get_Element-[line:45]None：查找元素：(&apos;xpath&apos;, &apos;//span[@id=&quot;dataTree_1_switch&quot;]&apos;)
Tue, 18 Jun 2019 09:44:55-INFO-BasePage.py-click_element-[line:85]None:元素：(&apos;xpath&apos;, &apos;//span[@id=&quot;dataTree_1_switch&quot;]&apos;)点击事件
Tue, 18 Jun 2019 09:44:56-INFO-BasePage.py-wait_eleVisible-[line:32]None：等待元素可见：(&apos;xpath&apos;, &apos; //span[text()=&quot;MySQL&quot;]&apos;)
Tue, 18 Jun 2019 09:44:56-INFO-BasePage.py-wait_eleVisible-[line:37]等待时长0.02：以秒为单位
Tue, 18 Jun 2019 09:44:56-INFO-BasePage.py-get_Element-[line:45]None：查找元素：(&apos;xpath&apos;, &apos; //span[text()=&quot;MySQL&quot;]&apos;)
Tue, 18 Jun 2019 09:44:56-INFO-BasePage.py-click_element-[line:85]None:元素：(&apos;xpath&apos;, &apos; //span[text()=&quot;MySQL&quot;]&apos;)点击事件
Tue, 18 Jun 2019 09:44:56-INFO-BasePage.py-wait_eleVisible-[line:32]None：等待元素可见：(&apos;xpath&apos;, &apos;//a[@id=&quot;btn-db-type&quot;]&apos;)
Tue, 18 Jun 2019 09:44:56-INFO-BasePage.py-wait_eleVisible-[line:37]等待时长0.04：以秒为单位
Tue, 18 Jun 2019 09:44:56-INFO-BasePage.py-get_Element-[line:45]None：查找元素：(&apos;xpath&apos;, &apos;//a[@id=&quot;btn-db-type&quot;]&apos;)
Tue, 18 Jun 2019 09:44:56-INFO-BasePage.py-click_element-[line:85]None:元素：(&apos;xpath&apos;, &apos;//a[@id=&quot;btn-db-type&quot;]&apos;)点击事件
Tue, 18 Jun 2019 09:44:56-INFO-BasePage.py-switch_window-[line:201]切换到最新打开的窗口
Tue, 18 Jun 2019 09:44:56-INFO-BasePage.py-wait_eleVisible-[line:32]None：等待元素可见：(&apos;xpath&apos;, &apos;//form[@name=&quot;sameTOMysqlDriver&quot;]//button[@id=&quot;addSource&quot;]&apos;)
Tue, 18 Jun 2019 09:44:57-INFO-BasePage.py-wait_eleVisible-[line:37]等待时长1.04：以秒为单位
Tue, 18 Jun 2019 09:44:58-INFO-BasePage.py-get_Element-[line:45]None：查找元素：(&apos;xpath&apos;, &apos;//form[@name=&quot;sameTOMysqlDriver&quot;]//button[@id=&quot;addSource&quot;]&apos;)
Tue, 18 Jun 2019 09:44:58-INFO-BasePage.py-click_element-[line:85]None:元素：(&apos;xpath&apos;, &apos;//form[@name=&quot;sameTOMysqlDriver&quot;]//button[@id=&quot;addSource&quot;]&apos;)点击事件
Tue, 18 Jun 2019 09:44:58-INFO-BasePage.py-get_Element-[line:45]None：查找元素：(&apos;xpath&apos;, &apos;//form[@name=&quot;sameTOMysqlDriver&quot;]//input[@id=&quot;sourceName&quot;]&apos;)
Tue, 18 Jun 2019 09:44:58-INFO-BasePage.py-input_text-[line:58]None：在元素(&apos;xpath&apos;, &apos;//form[@name=&quot;sameTOMysqlDriver&quot;]//input[@id=&quot;sourceName&quot;]&apos;)中输入文本：自动化测试数据源一
Tue, 18 Jun 2019 09:44:58-INFO-BasePage.py-get_Element-[line:45]None：查找元素：(&apos;xpath&apos;, &apos;//form[@name=&quot;sameTOMysqlDriver&quot;]//input[@id=&quot;ip&quot;]&apos;)
Tue, 18 Jun 2019 09:44:58-INFO-BasePage.py-input_text-[line:58]None：在元素(&apos;xpath&apos;, &apos;//form[@name=&quot;sameTOMysqlDriver&quot;]//input[@id=&quot;ip&quot;]&apos;)中输入文本：172.16.12.28
Tue, 18 Jun 2019 09:44:58-INFO-BasePage.py-get_Element-[line:45]None：查找元素：(&apos;xpath&apos;, &apos;//form[@name=&quot;sameTOMysqlDriver&quot;]//input[@id=&quot;port&quot;]&apos;)
Tue, 18 Jun 2019 09:44:58-INFO-BasePage.py-input_text-[line:58]None：在元素(&apos;xpath&apos;, &apos;//form[@name=&quot;sameTOMysqlDriver&quot;]//input[@id=&quot;port&quot;]&apos;)中输入文本：3306
Tue, 18 Jun 2019 09:44:58-INFO-BasePage.py-get_Element-[line:45]None：查找元素：(&apos;xpath&apos;, &apos;//form[@name=&quot;sameTOMysqlDriver&quot;]//input[@id=&quot;userName&quot;]&apos;)
Tue, 18 Jun 2019 09:44:58-INFO-BasePage.py-input_text-[line:58]None：在元素(&apos;xpath&apos;, &apos;//form[@name=&quot;sameTOMysqlDriver&quot;]//input[@id=&quot;userName&quot;]&apos;)中输入文本：root
Tue, 18 Jun 2019 09:44:58-INFO-BasePage.py-get_Element-[line:45]None：查找元素：(&apos;xpath&apos;, &apos;//form[@name=&quot;sameTOMysqlDriver&quot;]//input[@id=&quot;passWord&quot;]&apos;)
Tue, 18 Jun 2019 09:44:58-INFO-BasePage.py-input_text-[line:58]None：在元素(&apos;xpath&apos;, &apos;//form[@name=&quot;sameTOMysqlDriver&quot;]//input[@id=&quot;passWord&quot;]&apos;)中输入文本：root
Tue, 18 Jun 2019 09:44:58-INFO-BasePage.py-get_Element-[line:45]None：查找元素：(&apos;xpath&apos;, &apos;//form[@name=&quot;sameTOMysqlDriver&quot;]//input[@id=&quot;dbName&quot;]&apos;)
Tue, 18 Jun 2019 09:44:58-INFO-BasePage.py-input_text-[line:58]None：在元素(&apos;xpath&apos;, &apos;//form[@name=&quot;sameTOMysqlDriver&quot;]//input[@id=&quot;dbName&quot;]&apos;)中输入文本：echod
Tue, 18 Jun 2019 09:44:58-INFO-BasePage.py-get_Element-[line:45]None：查找元素：(&apos;xpath&apos;, &apos;//form[@name=&quot;sameTOMysqlDriver&quot;]//a[@id=&quot;test-connect&quot;]&apos;)
Tue, 18 Jun 2019 09:44:58-INFO-BasePage.py-click_element-[line:85]None:元素：(&apos;xpath&apos;, &apos;//form[@name=&quot;sameTOMysqlDriver&quot;]//a[@id=&quot;test-connect&quot;]&apos;)点击事件
Tue, 18 Jun 2019 09:44:58-INFO-BasePage.py-wait_eleVisible-[line:32]None：等待元素可见：(&apos;xpath&apos;, &apos;//span[text()=&quot;连接成功&quot;]&apos;)
Tue, 18 Jun 2019 09:44:59-INFO-BasePage.py-wait_eleVisible-[line:37]等待时长0.53：以秒为单位
Tue, 18 Jun 2019 09:44:59-INFO-BasePage.py-get_Element-[line:45]None：查找元素：(&apos;xpath&apos;, &apos;//a[text()=&quot;下一步&quot;]&apos;)
Tue, 18 Jun 2019 09:44:59-INFO-BasePage.py-click_element-[line:85]None:元素：(&apos;xpath&apos;, &apos;//a[text()=&quot;下一步&quot;]&apos;)点击事件
Tue, 18 Jun 2019 09:44:59-INFO-BasePage.py-wait_eleVisible-[line:32]None：等待元素可见：(&apos;xpath&apos;, &apos;//input[@data-name=&quot;AUTO_test_01&quot;]&apos;)
Tue, 18 Jun 2019 09:44:59-INFO-BasePage.py-wait_eleVisible-[line:37]等待时长0.02：以秒为单位
Tue, 18 Jun 2019 09:44:59-INFO-BasePage.py-get_Element-[line:45]None：查找元素：(&apos;xpath&apos;, &apos;//input[@data-name=&quot;AUTO_test_01&quot;]&apos;)
Tue, 18 Jun 2019 09:44:59-INFO-BasePage.py-click_element-[line:85]None:元素：(&apos;xpath&apos;, &apos;//input[@data-name=&quot;AUTO_test_01&quot;]&apos;)点击事件
Tue, 18 Jun 2019 09:45:00-INFO-BasePage.py-get_Element-[line:45]None：查找元素：(&apos;xpath&apos;, &apos;//a[text()=&quot;下一步&quot;]&apos;)
Tue, 18 Jun 2019 09:45:00-INFO-BasePage.py-click_element-[line:85]None:元素：(&apos;xpath&apos;, &apos;//a[text()=&quot;下一步&quot;]&apos;)点击事件
Tue, 18 Jun 2019 09:45:00-INFO-BasePage.py-wait_eleVisible-[line:32]None：等待元素可见：(&apos;xpath&apos;, &apos;//a[text()=&quot;下一步&quot;]&apos;)
Tue, 18 Jun 2019 09:45:00-INFO-BasePage.py-wait_eleVisible-[line:37]等待时长0.02：以秒为单位
Tue, 18 Jun 2019 09:45:00-INFO-BasePage.py-get_Element-[line:45]None：查找元素：(&apos;xpath&apos;, &apos;//a[text()=&quot;下一步&quot;]&apos;)
Tue, 18 Jun 2019 09:45:01-INFO-BasePage.py-click_element-[line:85]None:元素：(&apos;xpath&apos;, &apos;//a[text()=&quot;下一步&quot;]&apos;)点击事件
Tue, 18 Jun 2019 09:45:02-INFO-BasePage.py-wait_eleVisible-[line:32]None：等待元素可见：(&apos;xpath&apos;, &apos;//a[text()=&quot;确定&quot;]&apos;)
Tue, 18 Jun 2019 09:45:02-INFO-BasePage.py-wait_eleVisible-[line:37]等待时长0.02：以秒为单位
Tue, 18 Jun 2019 09:45:02-INFO-BasePage.py-get_Element-[line:45]None：查找元素：(&apos;xpath&apos;, &apos;//a[text()=&quot;确定&quot;]&apos;)
Tue, 18 Jun 2019 09:45:02-INFO-BasePage.py-click_element-[line:85]None:元素：(&apos;xpath&apos;, &apos;//a[text()=&quot;确定&quot;]&apos;)点击事件
Tue, 18 Jun 2019 09:45:03-INFO-BasePage.py-switch_window-[line:206]切换到第一个窗口
Tue, 18 Jun 2019 09:45:04-INFO-BasePage.py-wait_eleVisible-[line:32]None：等待元素可见：(&apos;xpath&apos;, &apos;//span[text()=&quot;保存&quot;]&apos;)
Tue, 18 Jun 2019 09:45:04-INFO-BasePage.py-wait_eleVisible-[line:37]等待时长0.02：以秒为单位
Tue, 18 Jun 2019 09:45:04-INFO-BasePage.py-get_Element-[line:45]None：查找元素：(&apos;xpath&apos;, &apos;//span[text()=&quot;保存&quot;]&apos;)
Tue, 18 Jun 2019 09:45:04-INFO-BasePage.py-click_element-[line:85]None:元素：(&apos;xpath&apos;, &apos;//span[text()=&quot;保存&quot;]&apos;)点击事件
Tue, 18 Jun 2019 09:45:04-INFO-BasePage.py-wait_eleVisible-[line:32]None：等待元素可见：(&apos;xpath&apos;, &apos;//a[@id=&quot;btn-relation-add&quot;]&apos;)
Tue, 18 Jun 2019 09:45:04-INFO-BasePage.py-wait_eleVisible-[line:37]等待时长0.54：以秒为单位
Tue, 18 Jun 2019 09:45:04-INFO-BasePage.py-get_Element-[line:45]None：查找元素：(&apos;xpath&apos;, &apos;//a[@id=&quot;btn-relation-add&quot;]&apos;)
Tue, 18 Jun 2019 09:45:04-INFO-BasePage.py-click_element-[line:85]None:元素：(&apos;xpath&apos;, &apos;//a[@id=&quot;btn-relation-add&quot;]&apos;)点击事件
Tue, 18 Jun 2019 09:45:04-INFO-BasePage.py-wait_eleVisible-[line:32]None：等待元素可见：(&apos;xpath&apos;, &apos;//div[text()=&quot;更新映射成功&quot;]&apos;)
Tue, 18 Jun 2019 09:45:05-INFO-BasePage.py-wait_eleVisible-[line:37]等待时长0.54：以秒为单位
</system-err></testcase><testcase classname="TestCase.test_3_designer.TestDesigner" file="TestCase\test_3_designer.py" line="43" name="test_5_add_target_source" time="12.614"><system-out>============测试类中每个测试用例都执行一次的前置============
============测试类中每个测试用例都执行一次的前置============
</system-out><system-err>Tue, 18 Jun 2019 09:45:05-INFO-BasePage.py-wait_eleVisible-[line:32]None：等待元素可见：(&apos;xpath&apos;, &apos; //span[text()=&quot;auto_test_2222&quot;]&apos;)
Tue, 18 Jun 2019 09:45:05-INFO-BasePage.py-wait_eleVisible-[line:37]等待时长0.06：以秒为单位
Tue, 18 Jun 2019 09:45:05-INFO-BasePage.py-get_Element-[line:45]None：查找元素：(&apos;xpath&apos;, &apos; //span[text()=&quot;auto_test_2222&quot;]&apos;)
Tue, 18 Jun 2019 09:45:05-INFO-BasePage.py-click_element-[line:85]None:元素：(&apos;xpath&apos;, &apos; //span[text()=&quot;auto_test_2222&quot;]&apos;)点击事件
Tue, 18 Jun 2019 09:45:06-INFO-BasePage.py-wait_eleVisible-[line:32]None：等待元素可见：(&apos;xpath&apos;, &apos;//span[text()=&quot;目标&quot;]&apos;)
Tue, 18 Jun 2019 09:45:06-INFO-BasePage.py-wait_eleVisible-[line:37]等待时长0.02：以秒为单位
Tue, 18 Jun 2019 09:45:06-INFO-BasePage.py-get_Element-[line:45]None：查找元素：(&apos;xpath&apos;, &apos;//span[text()=&quot;目标&quot;]&apos;)
Tue, 18 Jun 2019 09:45:06-INFO-BasePage.py-click_element-[line:85]None:元素：(&apos;xpath&apos;, &apos;//span[text()=&quot;目标&quot;]&apos;)点击事件
Tue, 18 Jun 2019 09:45:06-INFO-BasePage.py-wait_eleVisible-[line:32]None：等待元素可见：(&apos;xpath&apos;, &apos;//span[text()=&quot;添加&quot;]&apos;)
Tue, 18 Jun 2019 09:45:06-INFO-BasePage.py-wait_eleVisible-[line:37]等待时长0.02：以秒为单位
Tue, 18 Jun 2019 09:45:06-INFO-BasePage.py-get_Element-[line:45]None：查找元素：(&apos;xpath&apos;, &apos;//span[text()=&quot;添加&quot;]&apos;)
Tue, 18 Jun 2019 09:45:06-INFO-BasePage.py-click_element-[line:85]None:元素：(&apos;xpath&apos;, &apos;//span[text()=&quot;添加&quot;]&apos;)点击事件
Tue, 18 Jun 2019 09:45:06-INFO-BasePage.py-wait_eleVisible-[line:32]None：等待元素可见：(&apos;xpath&apos;, &apos;//span[@id=&quot;dataTree_1_switch&quot;]&apos;)
Tue, 18 Jun 2019 09:45:06-INFO-BasePage.py-wait_eleVisible-[line:37]等待时长0.54：以秒为单位
Tue, 18 Jun 2019 09:45:06-INFO-BasePage.py-get_Element-[line:45]None：查找元素：(&apos;xpath&apos;, &apos;//span[@id=&quot;dataTree_1_switch&quot;]&apos;)
Tue, 18 Jun 2019 09:45:06-INFO-BasePage.py-click_element-[line:85]None:元素：(&apos;xpath&apos;, &apos;//span[@id=&quot;dataTree_1_switch&quot;]&apos;)点击事件
Tue, 18 Jun 2019 09:45:06-INFO-BasePage.py-wait_eleVisible-[line:32]None：等待元素可见：(&apos;xpath&apos;, &apos; //span[text()=&quot;MySQL&quot;]&apos;)
Tue, 18 Jun 2019 09:45:06-INFO-BasePage.py-wait_eleVisible-[line:37]等待时长0.06：以秒为单位
Tue, 18 Jun 2019 09:45:06-INFO-BasePage.py-get_Element-[line:45]None：查找元素：(&apos;xpath&apos;, &apos; //span[text()=&quot;MySQL&quot;]&apos;)
Tue, 18 Jun 2019 09:45:06-INFO-BasePage.py-click_element-[line:85]None:元素：(&apos;xpath&apos;, &apos; //span[text()=&quot;MySQL&quot;]&apos;)点击事件
Tue, 18 Jun 2019 09:45:06-INFO-BasePage.py-wait_eleVisible-[line:32]None：等待元素可见：(&apos;xpath&apos;, &apos;//a[@id=&quot;btn-db-type&quot;]&apos;)
Tue, 18 Jun 2019 09:45:06-INFO-BasePage.py-wait_eleVisible-[line:37]等待时长0.02：以秒为单位
Tue, 18 Jun 2019 09:45:06-INFO-BasePage.py-get_Element-[line:45]None：查找元素：(&apos;xpath&apos;, &apos;//a[@id=&quot;btn-db-type&quot;]&apos;)
Tue, 18 Jun 2019 09:45:06-INFO-BasePage.py-click_element-[line:85]None:元素：(&apos;xpath&apos;, &apos;//a[@id=&quot;btn-db-type&quot;]&apos;)点击事件
Tue, 18 Jun 2019 09:45:06-INFO-BasePage.py-switch_window-[line:201]切换到最新打开的窗口
Tue, 18 Jun 2019 09:45:07-INFO-BasePage.py-wait_eleVisible-[line:32]None：等待元素可见：(&apos;xpath&apos;, &apos;//form[@name=&quot;sameTOMysqlDriver&quot;]//button[@id=&quot;addSource&quot;]&apos;)
Tue, 18 Jun 2019 09:45:08-INFO-BasePage.py-wait_eleVisible-[line:37]等待时长1.03：以秒为单位
Tue, 18 Jun 2019 09:45:09-INFO-BasePage.py-get_Element-[line:45]None：查找元素：(&apos;xpath&apos;, &apos;//form[@name=&quot;sameTOMysqlDriver&quot;]//button[@id=&quot;addSource&quot;]&apos;)
Tue, 18 Jun 2019 09:45:09-INFO-BasePage.py-click_element-[line:85]None:元素：(&apos;xpath&apos;, &apos;//form[@name=&quot;sameTOMysqlDriver&quot;]//button[@id=&quot;addSource&quot;]&apos;)点击事件
Tue, 18 Jun 2019 09:45:09-INFO-BasePage.py-get_Element-[line:45]None：查找元素：(&apos;xpath&apos;, &apos;//form[@name=&quot;sameTOMysqlDriver&quot;]//input[@id=&quot;sourceName&quot;]&apos;)
Tue, 18 Jun 2019 09:45:09-INFO-BasePage.py-input_text-[line:58]None：在元素(&apos;xpath&apos;, &apos;//form[@name=&quot;sameTOMysqlDriver&quot;]//input[@id=&quot;sourceName&quot;]&apos;)中输入文本：自动化测试目标源一
Tue, 18 Jun 2019 09:45:09-INFO-BasePage.py-get_Element-[line:45]None：查找元素：(&apos;xpath&apos;, &apos;//form[@name=&quot;sameTOMysqlDriver&quot;]//input[@id=&quot;ip&quot;]&apos;)
Tue, 18 Jun 2019 09:45:09-INFO-BasePage.py-input_text-[line:58]None：在元素(&apos;xpath&apos;, &apos;//form[@name=&quot;sameTOMysqlDriver&quot;]//input[@id=&quot;ip&quot;]&apos;)中输入文本：172.16.12.28
Tue, 18 Jun 2019 09:45:09-INFO-BasePage.py-get_Element-[line:45]None：查找元素：(&apos;xpath&apos;, &apos;//form[@name=&quot;sameTOMysqlDriver&quot;]//input[@id=&quot;port&quot;]&apos;)
Tue, 18 Jun 2019 09:45:09-INFO-BasePage.py-input_text-[line:58]None：在元素(&apos;xpath&apos;, &apos;//form[@name=&quot;sameTOMysqlDriver&quot;]//input[@id=&quot;port&quot;]&apos;)中输入文本：3306
Tue, 18 Jun 2019 09:45:09-INFO-BasePage.py-get_Element-[line:45]None：查找元素：(&apos;xpath&apos;, &apos;//form[@name=&quot;sameTOMysqlDriver&quot;]//input[@id=&quot;userName&quot;]&apos;)
Tue, 18 Jun 2019 09:45:09-INFO-BasePage.py-input_text-[line:58]None：在元素(&apos;xpath&apos;, &apos;//form[@name=&quot;sameTOMysqlDriver&quot;]//input[@id=&quot;userName&quot;]&apos;)中输入文本：root
Tue, 18 Jun 2019 09:45:09-INFO-BasePage.py-get_Element-[line:45]None：查找元素：(&apos;xpath&apos;, &apos;//form[@name=&quot;sameTOMysqlDriver&quot;]//input[@id=&quot;passWord&quot;]&apos;)
Tue, 18 Jun 2019 09:45:09-INFO-BasePage.py-input_text-[line:58]None：在元素(&apos;xpath&apos;, &apos;//form[@name=&quot;sameTOMysqlDriver&quot;]//input[@id=&quot;passWord&quot;]&apos;)中输入文本：root
Tue, 18 Jun 2019 09:45:09-INFO-BasePage.py-get_Element-[line:45]None：查找元素：(&apos;xpath&apos;, &apos;//form[@name=&quot;sameTOMysqlDriver&quot;]//input[@id=&quot;dbName&quot;]&apos;)
Tue, 18 Jun 2019 09:45:09-INFO-BasePage.py-input_text-[line:58]None：在元素(&apos;xpath&apos;, &apos;//form[@name=&quot;sameTOMysqlDriver&quot;]//input[@id=&quot;dbName&quot;]&apos;)中输入文本：echod
Tue, 18 Jun 2019 09:45:09-INFO-BasePage.py-get_Element-[line:45]None：查找元素：(&apos;xpath&apos;, &apos;//form[@name=&quot;sameTOMysqlDriver&quot;]//a[@id=&quot;test-connect&quot;]&apos;)
Tue, 18 Jun 2019 09:45:09-INFO-BasePage.py-click_element-[line:85]None:元素：(&apos;xpath&apos;, &apos;//form[@name=&quot;sameTOMysqlDriver&quot;]//a[@id=&quot;test-connect&quot;]&apos;)点击事件
Tue, 18 Jun 2019 09:45:09-INFO-BasePage.py-wait_eleVisible-[line:32]None：等待元素可见：(&apos;xpath&apos;, &apos;//span[text()=&quot;连接成功&quot;]&apos;)
Tue, 18 Jun 2019 09:45:09-INFO-BasePage.py-wait_eleVisible-[line:37]等待时长0.02：以秒为单位
Tue, 18 Jun 2019 09:45:09-INFO-BasePage.py-get_Element-[line:45]None：查找元素：(&apos;xpath&apos;, &apos;//a[text()=&quot;下一步&quot;]&apos;)
Tue, 18 Jun 2019 09:45:09-INFO-BasePage.py-click_element-[line:85]None:元素：(&apos;xpath&apos;, &apos;//a[text()=&quot;下一步&quot;]&apos;)点击事件
Tue, 18 Jun 2019 09:45:10-INFO-BasePage.py-wait_eleVisible-[line:32]None：等待元素可见：(&apos;xpath&apos;, &apos;//input[@data-name=&quot;AUTO_test_02&quot;]&apos;)
Tue, 18 Jun 2019 09:45:10-INFO-BasePage.py-wait_eleVisible-[line:37]等待时长0.02：以秒为单位
Tue, 18 Jun 2019 09:45:10-INFO-BasePage.py-get_Element-[line:45]None：查找元素：(&apos;xpath&apos;, &apos;//input[@data-name=&quot;AUTO_test_02&quot;]&apos;)
Tue, 18 Jun 2019 09:45:10-INFO-BasePage.py-click_element-[line:85]None:元素：(&apos;xpath&apos;, &apos;//input[@data-name=&quot;AUTO_test_02&quot;]&apos;)点击事件
Tue, 18 Jun 2019 09:45:10-INFO-BasePage.py-get_Element-[line:45]None：查找元素：(&apos;xpath&apos;, &apos;//a[text()=&quot;下一步&quot;]&apos;)
Tue, 18 Jun 2019 09:45:10-INFO-BasePage.py-click_element-[line:85]None:元素：(&apos;xpath&apos;, &apos;//a[text()=&quot;下一步&quot;]&apos;)点击事件
Tue, 18 Jun 2019 09:45:11-INFO-BasePage.py-wait_eleVisible-[line:32]None：等待元素可见：(&apos;xpath&apos;, &apos;//a[text()=&quot;下一步&quot;]&apos;)
Tue, 18 Jun 2019 09:45:11-INFO-BasePage.py-wait_eleVisible-[line:37]等待时长0.02：以秒为单位
Tue, 18 Jun 2019 09:45:11-INFO-BasePage.py-get_Element-[line:45]None：查找元素：(&apos;xpath&apos;, &apos;//a[text()=&quot;下一步&quot;]&apos;)
Tue, 18 Jun 2019 09:45:11-INFO-BasePage.py-click_element-[line:85]None:元素：(&apos;xpath&apos;, &apos;//a[text()=&quot;下一步&quot;]&apos;)点击事件
Tue, 18 Jun 2019 09:45:12-INFO-BasePage.py-wait_eleVisible-[line:32]None：等待元素可见：(&apos;xpath&apos;, &apos;//a[text()=&quot;确定&quot;]&apos;)
Tue, 18 Jun 2019 09:45:12-INFO-BasePage.py-wait_eleVisible-[line:37]等待时长0.02：以秒为单位
Tue, 18 Jun 2019 09:45:12-INFO-BasePage.py-get_Element-[line:45]None：查找元素：(&apos;xpath&apos;, &apos;//a[text()=&quot;确定&quot;]&apos;)
Tue, 18 Jun 2019 09:45:12-INFO-BasePage.py-click_element-[line:85]None:元素：(&apos;xpath&apos;, &apos;//a[text()=&quot;确定&quot;]&apos;)点击事件
Tue, 18 Jun 2019 09:45:15-INFO-BasePage.py-switch_window-[line:206]切换到第一个窗口
Tue, 18 Jun 2019 09:45:16-INFO-BasePage.py-wait_eleVisible-[line:32]None：等待元素可见：(&apos;xpath&apos;, &apos;//span[text()=&quot;保存&quot;]&apos;)
Tue, 18 Jun 2019 09:45:16-INFO-BasePage.py-wait_eleVisible-[line:37]等待时长0.02：以秒为单位
Tue, 18 Jun 2019 09:45:16-INFO-BasePage.py-get_Element-[line:45]None：查找元素：(&apos;xpath&apos;, &apos;//span[text()=&quot;保存&quot;]&apos;)
Tue, 18 Jun 2019 09:45:16-INFO-BasePage.py-click_element-[line:85]None:元素：(&apos;xpath&apos;, &apos;//span[text()=&quot;保存&quot;]&apos;)点击事件
Tue, 18 Jun 2019 09:45:17-INFO-BasePage.py-wait_eleVisible-[line:32]None：等待元素可见：(&apos;xpath&apos;, &apos;//a[@id=&quot;btn-relation-add&quot;]&apos;)
Tue, 18 Jun 2019 09:45:17-INFO-BasePage.py-wait_eleVisible-[line:37]等待时长0.54：以秒为单位
Tue, 18 Jun 2019 09:45:17-INFO-BasePage.py-get_Element-[line:45]None：查找元素：(&apos;xpath&apos;, &apos;//a[@id=&quot;btn-relation-add&quot;]&apos;)
Tue, 18 Jun 2019 09:45:17-INFO-BasePage.py-click_element-[line:85]None:元素：(&apos;xpath&apos;, &apos;//a[@id=&quot;btn-relation-add&quot;]&apos;)点击事件
Tue, 18 Jun 2019 09:45:17-INFO-BasePage.py-wait_eleVisible-[line:32]None：等待元素可见：(&apos;xpath&apos;, &apos;//div[text()=&quot;更新映射成功&quot;]&apos;)
Tue, 18 Jun 2019 09:45:18-INFO-BasePage.py-wait_eleVisible-[line:37]等待时长0.53：以秒为单位
</system-err></testcase><testcase classname="TestCase.test_3_designer.TestDesigner" file="TestCase\test_3_designer.py" line="49" name="test_6_edit_job_name" time="11.953"><system-out>============测试类中每个测试用例都执行一次的前置============
============测试类中每个测试用例都执行一次的前置============
</system-out><system-err>Tue, 18 Jun 2019 09:45:28-INFO-BasePage.py-wait_eleVisible-[line:32]None：等待元素可见：(&apos;xpath&apos;, &apos; //span[text()=&quot;auto_test_2222&quot;]&apos;)
Tue, 18 Jun 2019 09:45:28-INFO-BasePage.py-wait_eleVisible-[line:37]等待时长0.02：以秒为单位
Tue, 18 Jun 2019 09:45:28-INFO-BasePage.py-get_Element-[line:45]None：查找元素：(&apos;xpath&apos;, &apos; //span[text()=&quot;auto_test_2222&quot;]&apos;)
Tue, 18 Jun 2019 09:45:28-INFO-BasePage.py-click_element-[line:85]None:元素：(&apos;xpath&apos;, &apos; //span[text()=&quot;auto_test_2222&quot;]&apos;)点击事件
Tue, 18 Jun 2019 09:45:28-INFO-BasePage.py-wait_eleVisible-[line:32]None：等待元素可见：(&apos;xpath&apos;, &apos; //span[text()=&quot;auto_test_2222&quot;]&apos;)
Tue, 18 Jun 2019 09:45:28-INFO-BasePage.py-wait_eleVisible-[line:37]等待时长0.03：以秒为单位
Tue, 18 Jun 2019 09:45:28-INFO-BasePage.py-get_Element-[line:45]None：查找元素：(&apos;xpath&apos;, &apos; //span[text()=&quot;auto_test_2222&quot;]&apos;)
Tue, 18 Jun 2019 09:45:28-INFO-BasePage.py-click_element-[line:85]None:元素：(&apos;xpath&apos;, &apos; //span[text()=&quot;auto_test_2222&quot;]&apos;)点击事件
Tue, 18 Jun 2019 09:45:28-INFO-BasePage.py-wait_eleVisible-[line:32]None：等待元素可见：(&apos;xpath&apos;, &apos;//span[@class=&quot;fa fa-edit btn-edit-business&quot;]&apos;)
Tue, 18 Jun 2019 09:45:28-INFO-BasePage.py-wait_eleVisible-[line:37]等待时长0.02：以秒为单位
Tue, 18 Jun 2019 09:45:28-INFO-BasePage.py-get_Element-[line:45]None：查找元素：(&apos;xpath&apos;, &apos;//span[@class=&quot;fa fa-edit btn-edit-business&quot;]&apos;)
Tue, 18 Jun 2019 09:45:28-INFO-BasePage.py-click_element-[line:85]None:元素：(&apos;xpath&apos;, &apos;//span[@class=&quot;fa fa-edit btn-edit-business&quot;]&apos;)点击事件
Tue, 18 Jun 2019 09:45:28-INFO-BasePage.py-wait_eleVisible-[line:32]None：等待元素可见：(&apos;xpath&apos;, &apos;//input[@id=&quot;editBus&quot;]&apos;)
Tue, 18 Jun 2019 09:45:29-INFO-BasePage.py-wait_eleVisible-[line:37]等待时长0.54：以秒为单位
Tue, 18 Jun 2019 09:45:29-INFO-BasePage.py-get_Element-[line:45]None：查找元素：(&apos;xpath&apos;, &apos;//input[@id=&quot;editBus&quot;]&apos;)
Tue, 18 Jun 2019 09:45:29-INFO-BasePage.py-clear_input_text-[line:96]None：清除元素：(&apos;xpath&apos;, &apos;//input[@id=&quot;editBus&quot;]&apos;)
Tue, 18 Jun 2019 09:45:29-INFO-BasePage.py-get_Element-[line:45]None：查找元素：(&apos;xpath&apos;, &apos;//input[@id=&quot;editBus&quot;]&apos;)
Tue, 18 Jun 2019 09:45:29-INFO-BasePage.py-input_text-[line:58]None：在元素(&apos;xpath&apos;, &apos;//input[@id=&quot;editBus&quot;]&apos;)中输入文本：auto_test_2223
Tue, 18 Jun 2019 09:45:29-INFO-BasePage.py-get_Element-[line:45]None：查找元素：(&apos;xpath&apos;, &apos;//a[@id=&quot;btn-edit&quot;]&apos;)
Tue, 18 Jun 2019 09:45:29-INFO-BasePage.py-click_element-[line:85]None:元素：(&apos;xpath&apos;, &apos;//a[@id=&quot;btn-edit&quot;]&apos;)点击事件
Tue, 18 Jun 2019 09:45:29-INFO-BasePage.py-wait_eleVisible-[line:32]None：等待元素可见：(&apos;xpath&apos;, &apos; //span[text()=&quot;auto_test_2223&quot;]&apos;)
Tue, 18 Jun 2019 09:45:30-INFO-BasePage.py-wait_eleVisible-[line:37]等待时长0.54：以秒为单位
</system-err></testcase><testcase classname="TestCase.test_3_designer.TestDesigner" file="TestCase\test_3_designer.py" line="56" name="test_7_delete_job" time="18.037"><system-out>============测试类中每个测试用例都执行一次的前置============
============测试类中每个测试用例都执行一次的前置============
</system-out><system-err>Tue, 18 Jun 2019 09:45:40-INFO-BasePage.py-wait_eleVisible-[line:32]None：等待元素可见：(&apos;xpath&apos;, &apos; //span[text()=&quot;auto_test_2223&quot;]&apos;)
Tue, 18 Jun 2019 09:45:40-INFO-BasePage.py-wait_eleVisible-[line:37]等待时长0.02：以秒为单位
Tue, 18 Jun 2019 09:45:40-INFO-BasePage.py-get_Element-[line:45]None：查找元素：(&apos;xpath&apos;, &apos; //span[text()=&quot;auto_test_2223&quot;]&apos;)
Tue, 18 Jun 2019 09:45:40-INFO-BasePage.py-hover_element-[line:71]None:元素：(&apos;xpath&apos;, &apos; //span[text()=&quot;auto_test_2223&quot;]&apos;)鼠标悬停事件
Tue, 18 Jun 2019 09:45:40-INFO-BasePage.py-wait_eleVisible-[line:32]None：等待元素可见：(&apos;xpath&apos;, &apos;//span[@class=&quot;fa fa-trash btn-del-business&quot;]&apos;)
Tue, 18 Jun 2019 09:45:40-INFO-BasePage.py-wait_eleVisible-[line:37]等待时长0.02：以秒为单位
Tue, 18 Jun 2019 09:45:40-INFO-BasePage.py-get_Element-[line:45]None：查找元素：(&apos;xpath&apos;, &apos;//span[@class=&quot;fa fa-trash btn-del-business&quot;]&apos;)
Tue, 18 Jun 2019 09:45:40-INFO-BasePage.py-click_element-[line:85]None:元素：(&apos;xpath&apos;, &apos;//span[@class=&quot;fa fa-trash btn-del-business&quot;]&apos;)点击事件
Tue, 18 Jun 2019 09:45:42-INFO-BasePage.py-wait_eleVisible-[line:32]None：等待元素可见：(&apos;xpath&apos;, &apos;//a[@id=&quot;btn-delete&quot;]&apos;)
Tue, 18 Jun 2019 09:45:42-INFO-BasePage.py-wait_eleVisible-[line:37]等待时长0.02：以秒为单位
Tue, 18 Jun 2019 09:45:42-INFO-BasePage.py-get_Element-[line:45]None：查找元素：(&apos;xpath&apos;, &apos;//a[@id=&quot;btn-delete&quot;]&apos;)
Tue, 18 Jun 2019 09:45:42-INFO-BasePage.py-click_element-[line:85]None:元素：(&apos;xpath&apos;, &apos;//a[@id=&quot;btn-delete&quot;]&apos;)点击事件
Tue, 18 Jun 2019 09:45:44-INFO-BasePage.py-wait_eleVisible-[line:32]None：等待元素可见：(&apos;xpath&apos;, &apos; //span[text()=&quot;auto_test_2223&quot;]&apos;)
Tue, 18 Jun 2019 09:45:47-ERROR-BasePage.py-wait_eleVisible-[line:39]等待元素可见失败。
Tue, 18 Jun 2019 09:45:48-INFO-BasePage.py-save_webImgs-[line:142]截屏成功,图片路径为D:\YOYO\auto_web_echo_v1\TestResult\imgs/None_2019-06-18-09-45-47.png
</system-err></testcase><testcase classname="TestCase.test_3_designer.TestDesigner" file="TestCase\test_3_designer.py" line="64" name="test_8_run_job_local" time="7.678"><system-out>============测试类中每个测试用例都执行一次的前置============
============测试类中每个测试用例都执行一次的前置============
</system-out><system-err>Tue, 18 Jun 2019 09:45:48-INFO-BasePage.py-wait_eleVisible-[line:32]None：等待元素可见：(&apos;xpath&apos;, &apos;//ul[@id=&quot;treeDemo&quot;]//span[text()=&quot;not_delete_mysql&quot;]&apos;)
Tue, 18 Jun 2019 09:45:48-INFO-BasePage.py-wait_eleVisible-[line:37]等待时长0.03：以秒为单位
Tue, 18 Jun 2019 09:45:48-INFO-BasePage.py-get_Element-[line:45]None：查找元素：(&apos;xpath&apos;, &apos;//ul[@id=&quot;treeDemo&quot;]//span[text()=&quot;not_delete_mysql&quot;]&apos;)
Tue, 18 Jun 2019 09:45:48-INFO-BasePage.py-click_element-[line:85]None:元素：(&apos;xpath&apos;, &apos;//ul[@id=&quot;treeDemo&quot;]//span[text()=&quot;not_delete_mysql&quot;]&apos;)点击事件
Tue, 18 Jun 2019 09:45:48-INFO-BasePage.py-wait_eleVisible-[line:32]None：等待元素可见：(&apos;xpath&apos;, &apos;//span[text()=&quot;发布&quot;]&apos;)
Tue, 18 Jun 2019 09:45:48-INFO-BasePage.py-wait_eleVisible-[line:37]等待时长0.03：以秒为单位
Tue, 18 Jun 2019 09:45:48-INFO-BasePage.py-get_Element-[line:45]None：查找元素：(&apos;xpath&apos;, &apos;//span[text()=&quot;发布&quot;]&apos;)
Tue, 18 Jun 2019 09:45:48-INFO-BasePage.py-click_element-[line:85]None:元素：(&apos;xpath&apos;, &apos;//span[text()=&quot;发布&quot;]&apos;)点击事件
Tue, 18 Jun 2019 09:45:50-INFO-BasePage.py-wait_eleVisible-[line:32]None：等待元素可见：(&apos;xpath&apos;, &apos;//span[text()=&quot;本地运行&quot;]&apos;)
Tue, 18 Jun 2019 09:45:50-INFO-BasePage.py-wait_eleVisible-[line:37]等待时长0.02：以秒为单位
Tue, 18 Jun 2019 09:45:50-INFO-BasePage.py-get_Element-[line:45]None：查找元素：(&apos;xpath&apos;, &apos;//span[text()=&quot;本地运行&quot;]&apos;)
Tue, 18 Jun 2019 09:45:50-INFO-BasePage.py-click_element-[line:85]None:元素：(&apos;xpath&apos;, &apos;//span[text()=&quot;本地运行&quot;]&apos;)点击事件
</system-err></testcase><testcase classname="TestCase.test_3_designer.TestDesigner" file="TestCase\test_3_designer.py" line="71" name="test_9_run_job_distributed" time="7.755"><system-out>============测试类中每个测试用例都执行一次的前置============
============测试类中每个测试用例都执行一次的前置============
</system-out><system-err>Tue, 18 Jun 2019 09:45:56-INFO-BasePage.py-wait_eleVisible-[line:32]None：等待元素可见：(&apos;xpath&apos;, &apos;//ul[@id=&quot;treeDemo&quot;]//span[text()=&quot;not_delete_mysql&quot;]&apos;)
Tue, 18 Jun 2019 09:45:56-INFO-BasePage.py-wait_eleVisible-[line:37]等待时长0.02：以秒为单位
Tue, 18 Jun 2019 09:45:56-INFO-BasePage.py-get_Element-[line:45]None：查找元素：(&apos;xpath&apos;, &apos;//ul[@id=&quot;treeDemo&quot;]//span[text()=&quot;not_delete_mysql&quot;]&apos;)
Tue, 18 Jun 2019 09:45:56-INFO-BasePage.py-click_element-[line:85]None:元素：(&apos;xpath&apos;, &apos;//ul[@id=&quot;treeDemo&quot;]//span[text()=&quot;not_delete_mysql&quot;]&apos;)点击事件
Tue, 18 Jun 2019 09:45:56-INFO-BasePage.py-wait_eleVisible-[line:32]None：等待元素可见：(&apos;xpath&apos;, &apos;//span[text()=&quot;发布&quot;]&apos;)
Tue, 18 Jun 2019 09:45:56-INFO-BasePage.py-wait_eleVisible-[line:37]等待时长0.03：以秒为单位
Tue, 18 Jun 2019 09:45:56-INFO-BasePage.py-get_Element-[line:45]None：查找元素：(&apos;xpath&apos;, &apos;//span[text()=&quot;发布&quot;]&apos;)
Tue, 18 Jun 2019 09:45:56-INFO-BasePage.py-click_element-[line:85]None:元素：(&apos;xpath&apos;, &apos;//span[text()=&quot;发布&quot;]&apos;)点击事件
Tue, 18 Jun 2019 09:45:58-INFO-BasePage.py-wait_eleVisible-[line:32]None：等待元素可见：(&apos;xpath&apos;, &apos;//span[text()=&quot;分布运行&quot;]&apos;)
Tue, 18 Jun 2019 09:45:58-INFO-BasePage.py-wait_eleVisible-[line:37]等待时长0.02：以秒为单位
Tue, 18 Jun 2019 09:45:58-INFO-BasePage.py-get_Element-[line:45]None：查找元素：(&apos;xpath&apos;, &apos;//span[text()=&quot;分布运行&quot;]&apos;)
Tue, 18 Jun 2019 09:45:58-INFO-BasePage.py-click_element-[line:85]None:元素：(&apos;xpath&apos;, &apos;//span[text()=&quot;分布运行&quot;]&apos;)点击事件
</system-err></testcase><testcase classname="TestCase.test_3_designer.TestDesigner" file="TestCase\test_3_designer.py" line="78" name="test_10_run_job_mysql_text_local" time="8.755"><system-out>============测试类中每个测试用例都执行一次的前置============
============测试类中每个测试用例都执行一次的前置============
</system-out><system-err>Tue, 18 Jun 2019 09:46:03-INFO-remote.py-cmd-[line:41]准备建立连接
Tue, 18 Jun 2019 09:46:03-INFO-transport.py-_log-[line:1746]Connected (version 2.0, client OpenSSH_5.3)
Tue, 18 Jun 2019 09:46:04-INFO-transport.py-_log-[line:1746]Authentication (password) successful!
Tue, 18 Jun 2019 09:46:04-INFO-remote.py-cmd-[line:47]准备执行命令:&gt; /user/liqitest/auto_text_01
Tue, 18 Jun 2019 09:46:04-INFO-remote.py-cmd-[line:49]
Tue, 18 Jun 2019 09:46:04-INFO-remote.py-cmd-[line:52]连接已经关闭
Tue, 18 Jun 2019 09:46:04-INFO-BasePage.py-wait_eleVisible-[line:32]None：等待元素可见：(&apos;xpath&apos;, &apos;//ul[@class=&quot;level0 &quot;]//span[text()=&quot;MySQL_text&quot;]&apos;)
Tue, 18 Jun 2019 09:46:04-INFO-BasePage.py-wait_eleVisible-[line:37]等待时长0.03：以秒为单位
Tue, 18 Jun 2019 09:46:04-INFO-BasePage.py-get_Element-[line:45]None：查找元素：(&apos;xpath&apos;, &apos;//ul[@class=&quot;level0 &quot;]//span[text()=&quot;MySQL_text&quot;]&apos;)
Tue, 18 Jun 2019 09:46:04-INFO-BasePage.py-click_element-[line:85]None:元素：(&apos;xpath&apos;, &apos;//ul[@class=&quot;level0 &quot;]//span[text()=&quot;MySQL_text&quot;]&apos;)点击事件
Tue, 18 Jun 2019 09:46:04-INFO-BasePage.py-wait_eleVisible-[line:32]None：等待元素可见：(&apos;xpath&apos;, &apos;//span[text()=&quot;发布&quot;]&apos;)
Tue, 18 Jun 2019 09:46:04-INFO-BasePage.py-wait_eleVisible-[line:37]等待时长0.02：以秒为单位
Tue, 18 Jun 2019 09:46:04-INFO-BasePage.py-get_Element-[line:45]None：查找元素：(&apos;xpath&apos;, &apos;//span[text()=&quot;发布&quot;]&apos;)
Tue, 18 Jun 2019 09:46:04-INFO-BasePage.py-click_element-[line:85]None:元素：(&apos;xpath&apos;, &apos;//span[text()=&quot;发布&quot;]&apos;)点击事件
Tue, 18 Jun 2019 09:46:07-INFO-BasePage.py-wait_eleVisible-[line:32]None：等待元素可见：(&apos;xpath&apos;, &apos;//span[text()=&quot;本地运行&quot;]&apos;)
Tue, 18 Jun 2019 09:46:07-INFO-BasePage.py-wait_eleVisible-[line:37]等待时长0.03：以秒为单位
Tue, 18 Jun 2019 09:46:07-INFO-BasePage.py-get_Element-[line:45]None：查找元素：(&apos;xpath&apos;, &apos;//span[text()=&quot;本地运行&quot;]&apos;)
Tue, 18 Jun 2019 09:46:07-INFO-BasePage.py-click_element-[line:85]None:元素：(&apos;xpath&apos;, &apos;//span[text()=&quot;本地运行&quot;]&apos;)点击事件
Tue, 18 Jun 2019 09:46:12-INFO-transport.py-_log-[line:1746]Connected (version 2.0, client OpenSSH_5.3)
Tue, 18 Jun 2019 09:46:12-INFO-transport.py-_log-[line:1746]Authentication (password) successful!
Tue, 18 Jun 2019 09:46:12-INFO-sftp.py-_log-[line:158][chan 0] Opened sftp connection (server version 3)
Tue, 18 Jun 2019 09:46:12-INFO-remote.py-get_file-[line:33]远程文件已经下载到本地
</system-err></testcase><testcase classname="TestCase.test_3_designer.TestDesigner" file="TestCase\test_3_designer.py" line="87" name="test_11_run_job_mysql_text_distributed" time="7.994"><system-out>============测试类中每个测试用例都执行一次的前置============
============测试类中每个测试用例都执行一次的前置============
</system-out><system-err>Tue, 18 Jun 2019 09:46:12-INFO-remote.py-cmd-[line:41]准备建立连接
Tue, 18 Jun 2019 09:46:12-INFO-transport.py-_log-[line:1746]Connected (version 2.0, client OpenSSH_5.3)
Tue, 18 Jun 2019 09:46:12-INFO-transport.py-_log-[line:1746]Authentication (password) successful!
Tue, 18 Jun 2019 09:46:12-INFO-remote.py-cmd-[line:47]准备执行命令:&gt; /user/liqitest/auto_text_01
Tue, 18 Jun 2019 09:46:12-INFO-remote.py-cmd-[line:49]
Tue, 18 Jun 2019 09:46:12-INFO-remote.py-cmd-[line:52]连接已经关闭
Tue, 18 Jun 2019 09:46:12-INFO-BasePage.py-wait_eleVisible-[line:32]None：等待元素可见：(&apos;xpath&apos;, &apos;//ul[@class=&quot;level0 &quot;]//span[text()=&quot;MySQL_text&quot;]&apos;)
Tue, 18 Jun 2019 09:46:12-INFO-BasePage.py-wait_eleVisible-[line:37]等待时长0.02：以秒为单位
Tue, 18 Jun 2019 09:46:12-INFO-BasePage.py-get_Element-[line:45]None：查找元素：(&apos;xpath&apos;, &apos;//ul[@class=&quot;level0 &quot;]//span[text()=&quot;MySQL_text&quot;]&apos;)
Tue, 18 Jun 2019 09:46:12-INFO-BasePage.py-click_element-[line:85]None:元素：(&apos;xpath&apos;, &apos;//ul[@class=&quot;level0 &quot;]//span[text()=&quot;MySQL_text&quot;]&apos;)点击事件
Tue, 18 Jun 2019 09:46:12-INFO-BasePage.py-wait_eleVisible-[line:32]None：等待元素可见：(&apos;xpath&apos;, &apos;//span[text()=&quot;发布&quot;]&apos;)
Tue, 18 Jun 2019 09:46:12-INFO-BasePage.py-wait_eleVisible-[line:37]等待时长0.02：以秒为单位
Tue, 18 Jun 2019 09:46:12-INFO-BasePage.py-get_Element-[line:45]None：查找元素：(&apos;xpath&apos;, &apos;//span[text()=&quot;发布&quot;]&apos;)
Tue, 18 Jun 2019 09:46:12-INFO-BasePage.py-click_element-[line:85]None:元素：(&apos;xpath&apos;, &apos;//span[text()=&quot;发布&quot;]&apos;)点击事件
Tue, 18 Jun 2019 09:46:15-INFO-BasePage.py-wait_eleVisible-[line:32]None：等待元素可见：(&apos;xpath&apos;, &apos;//span[text()=&quot;分布运行&quot;]&apos;)
Tue, 18 Jun 2019 09:46:15-INFO-BasePage.py-wait_eleVisible-[line:37]等待时长0.02：以秒为单位
Tue, 18 Jun 2019 09:46:15-INFO-BasePage.py-get_Element-[line:45]None：查找元素：(&apos;xpath&apos;, &apos;//span[text()=&quot;分布运行&quot;]&apos;)
Tue, 18 Jun 2019 09:46:15-INFO-BasePage.py-click_element-[line:85]None:元素：(&apos;xpath&apos;, &apos;//span[text()=&quot;分布运行&quot;]&apos;)点击事件
Tue, 18 Jun 2019 09:46:20-INFO-transport.py-_log-[line:1746]Connected (version 2.0, client OpenSSH_5.3)
Tue, 18 Jun 2019 09:46:20-INFO-transport.py-_log-[line:1746]Authentication (password) successful!
Tue, 18 Jun 2019 09:46:20-INFO-sftp.py-_log-[line:158][chan 0] Opened sftp connection (server version 3)
Tue, 18 Jun 2019 09:46:20-INFO-remote.py-get_file-[line:33]远程文件已经下载到本地
</system-err></testcase><testcase classname="TestCase.test_3_designer.TestDesigner" file="TestCase\test_3_designer.py" line="96" name="test_12_switch_job" time="30.707"><failure message="selenium.common.exceptions.TimeoutException: Message:">self = &lt;TestCase.test_3_designer.TestDesigner object at 0x000001A51AF2DB70&gt;
class_home = [&lt;selenium.webdriver.chrome.webdriver.WebDriver (session=&quot;c8898ddb4f7ad615c0a733b79ab060c1&quot;)&gt;, &lt;PageObjects.login_page.LoginPage object at 0x000001A51ACBDC88&gt;]

    def test_12_switch_job(self,class_home):
&gt;       DesignerPage(class_home[0]).switch_job()

TestCase\test_3_designer.py:98: 
_ _ _ _ _ _ _ _ _ _ _ _ _ _ _ _ _ _ _ _ _ _ _ _ _ _ _ _ _ _ _ _ _ _ _ _ _ _ _ _
[...]

    def test_14_pub(self,class_home):
        #操作步骤
        DesignerPage(class_home[0]).publish()
&gt;       assert DesignerPage(class_home[0]).is_publish()==True
E       assert False == True
E        +  where False = &lt;bound method DesignerPage.is_publish of &lt;PageObjects.designer_page.DesignerPage object at 0x000001A51AF8DA90&gt;&gt;()
E        +    where &lt;bound method DesignerPage.is_publish of &lt;PageObjects.designer_page.DesignerPage object at 0x000001A51AF8DA90&gt;&gt; = &lt;PageObjects.designer_page.DesignerPage object at 0x000001A51AF8DA90&gt;.is_publish
E        +      where &lt;PageObjects.designer_page.DesignerPage object at 0x000001A51AF8DA90&gt; = DesignerPage(&lt;selenium.webdriver.chrome.webdriver.WebDriver (session=&quot;c8898ddb4f7ad615c0a733b79ab060c1&quot;)&gt;)

TestCase\test_3_designer.py:112: AssertionError</failure><system-out>============测试类中每个测试用例都执行一次的前置============
============测试类中每个测试用例都执行一次的前置============
</system-out><system-err>Tue, 18 Jun 2019 09:46:53-INFO-BasePage.py-wait_eleVisible-[line:32]None：等待元素可见：(&apos;xpath&apos;, &apos;//ul[@id=&quot;treeDemo&quot;]//span[text()=&quot;not_delete_mysql&quot;]&apos;)
Tue, 18 Jun 2019 09:46:53-INFO-BasePage.py-wait_eleVisible-[line:37]等待时长0.05：以秒为单位
Tue, 18 Jun 2019 09:46:53-INFO-BasePage.py-get_Element-[line:45]None：查找元素：(&apos;xpath&apos;, &apos;//ul[@id=&quot;treeDemo&quot;]//span[text()=&quot;not_delete_mysql&quot;]&apos;)
Tue, 18 Jun 2019 09:46:53-INFO-BasePage.py-click_element-[line:85]None:元素：(&apos;xpath&apos;, &apos;//ul[@id=&quot;treeDemo&quot;]//span[text()=&quot;not_delete_mysql&quot;]&apos;)点击事件
Tue, 18 Jun 2019 09:46:53-INFO-BasePage.py-wait_eleVisible-[line:32]None：等待元素可见：(&apos;xpath&apos;, &apos;//span[text()=&quot;发布&quot;]&apos;)
Tue, 18 Jun 2019 09:46:53-INFO-BasePage.py-wait_eleVisible-[line:37]等待时长0.03：以秒为单位
Tue, 18 Jun 2019 09:46:53-INFO-BasePage.py-get_Element-[line:45]None：查找元素：(&apos;xpath&apos;, &apos;//span[text()=&quot;发布&quot;]&apos;)
Tue, 18 Jun 2019 09:46:53-INFO-BasePage.py-click_element-[line:85]None:元素：(&apos;xpath&apos;, &apos;//span[text()=&quot;发布&quot;]&apos;)点击事件
Tue, 18 Jun 2019 09:46:53-INFO-BasePage.py-wait_eleVisible-[line:32]None：等待元素可见：(&apos;xpath&apos;, &apos;//div[@class=&quot;toast-message&quot;]&apos;)
Tue, 18 Jun 2019 09:46:53-INFO-BasePage.py-wait_eleVisible-[line:37]等待时长0.02：以秒为单位
Tue, 18 Jun 2019 09:46:53-INFO-BasePage.py-wait_eleVisible-[line:32]None：等待元素可见：(&apos;xpath&apos;, &apos;//div[@class=&quot;toast-message&quot;]&apos;)
Tue, 18 Jun 2019 09:46:53-INFO-BasePage.py-wait_eleVisible-[line:37]等待时长0.01：以秒为单位
Tue, 18 Jun 2019 09:46:53-INFO-BasePage.py-get_Element-[line:45]None：查找元素：(&apos;xpath&apos;, &apos;//div[@class=&quot;toast-message&quot;]&apos;)
Tue, 18 Jun 2019 09:46:53-INFO-BasePage.py-get_text-[line:109]None:获取元素:(&apos;xpath&apos;, &apos;//div[@class=&quot;toast-message&quot;]&apos;)的文本内容
Tue, 18 Jun 2019 09:46:53-INFO-BasePage.py-get_text-[line:112]None:元素:(&apos;xpath&apos;, &apos;//div[@class=&quot;toast-message&quot;]&apos;)的文本内容为:已提交发布请求,请稍后...
Tue, 18 Jun 2019 09:46:54-INFO-BasePage.py-save_webImgs-[line:142]截屏成功,图片路径为D:\YOYO\auto_web_echo_v1\TestResult\imgs/None_2019-06-18-09-46-53.png
</system-err></testcase><testcase classname="TestCase.test_3_designer.TestDesigner" file="TestCase\test_3_designer.py" line="113" name="test_15_same_pub" time="1.264"><failure message="AssertionError: assert &apos;该作业已经发布，请取消发布之后在发布.&apos; in [&apos;已提交发布请求,请稍后...&apos;, &apos;发布成功&apos;]
 +  where [&apos;已提交发布请求,请稍后...&apos;, &apos;发布成功&apos;] = dd.toast_pubing">self = &lt;TestCase.test_3_designer.TestDesigner object at 0x000001A51AF324A8&gt;
class_home = [&lt;selenium.webdriver.chrome.webdriver.WebDriver (session=&quot;c8898ddb4f7ad615c0a733b79ab060c1&quot;)&gt;, &lt;PageObjects.login_page.LoginPage object at 0x000001A51ACBDC88&gt;]

    @pytest.mark.flaky(reruns=1, reruns_delay=10)
    def test_15_same_pub(self,class_home):
        # 操作步骤
        DesignerPage(class_home[0]).publish()
        msg = DesignerPage(class_home[0]).toast_text()
&gt;       assert msg in dd.toast_pubing
E       AssertionError: assert &apos;该作业已经发布，请取消发布之后在发布.&apos; in [&apos;已提交发布请求,请稍后...&apos;, &apos;发布成功&apos;]
E        +  where [&apos;已提交发布请求,请稍后...&apos;, &apos;发布成功&apos;] = dd.toast_pubing

TestCase\test_3_designer.py:119: AssertionError</failure><system-out>============测试类中每个测试用例都执行一次的前置============
============测试类中每个测试用例都执行一次的前置============
============测试类中每个测试用例都执行一次的前置============
============测试类中每个测试用例都执行一次的前置============
</system-out><system-err>Tue, 18 Jun 2019 09:46:54-INFO-BasePage.py-wait_eleVisible-[line:32]None：等待元素可见：(&apos;xpath&apos;, &apos;//ul[@id=&quot;treeDemo&quot;]//span[text()=&quot;not_delete_mysql&quot;]&apos;)
Tue, 18 Jun 2019 09:46:54-INFO-BasePage.py-wait_eleVisible-[line:37]等待时长0.04：以秒为单位
Tue, 18 Jun 2019 09:46:54-INFO-BasePage.py-get_Element-[line:45]None：查找元素：(&apos;xpath&apos;, &apos;//ul[@id=&quot;treeDemo&quot;]//span[text()=&quot;not_delete_mysql&quot;]&apos;)
Tue, 18 Jun 2019 09:46:54-INFO-BasePage.py-click_element-[line:85]None:元素：(&apos;xpath&apos;, &apos;//ul[@id=&quot;treeDemo&quot;]//span[text()=&quot;not_delete_mysql&quot;]&apos;)点击事件
Tue, 18 Jun 2019 09:46:54-INFO-BasePage.py-wait_eleVisible-[line:32]None：等待元素可见：(&apos;xpath&apos;, &apos;//span[text()=&quot;发布&quot;]&apos;)
Tue, 18 Jun 2019 09:46:54-INFO-BasePage.py-wait_eleVisible-[line:37]等待时长0.03：以秒为单位
Tue, 18 Jun 2019 09:46:54-INFO-BasePage.py-get_Element-[line:45]None：查找元素：(&apos;xpath&apos;, &apos;//span[text()=&quot;发布&quot;]&apos;)
Tue, 18 Jun 2019 09:46:54-INFO-BasePage.py-click_element-[line:85]None:元素：(&apos;xpath&apos;, &apos;//span[text()=&quot;发布&quot;]&apos;)点击事件
Tue, 18 Jun 2019 09:46:54-INFO-BasePage.py-wait_eleVisible-[line:32]None：等待元素可见：(&apos;xpath&apos;, &apos;//div[@class=&quot;toast-message&quot;]&apos;)
Tue, 18 Jun 2019 09:46:54-INFO-BasePage.py-wait_eleVisible-[line:37]等待时长0.02：以秒为单位
Tue, 18 Jun 2019 09:46:54-INFO-BasePage.py-wait_eleVisible-[line:32]None：等待元素可见：(&apos;xpath&apos;, &apos;//div[@class=&quot;toast-message&quot;]&apos;)
Tue, 18 Jun 2019 09:46:54-INFO-BasePage.py-wait_eleVisible-[line:37]等待时长0.01：以秒为单位
Tue, 18 Jun 2019 09:46:54-INFO-BasePage.py-get_Element-[line:45]None：查找元素：(&apos;xpath&apos;, &apos;//div[@class=&quot;toast-message&quot;]&apos;)
Tue, 18 Jun 2019 09:46:54-INFO-BasePage.py-get_text-[line:109]None:获取元素:(&apos;xpath&apos;, &apos;//div[@class=&quot;toast-message&quot;]&apos;)的文本内容
Tue, 18 Jun 2019 09:46:54-INFO-BasePage.py-get_text-[line:112]None:元素:(&apos;xpath&apos;, &apos;//div[@class=&quot;toast-message&quot;]&apos;)的文本内容为:该作业已经发布，请取消发布之后在发布.
Tue, 18 Jun 2019 09:47:05-INFO-BasePage.py-wait_eleVisible-[line:32]None：等待元素可见：(&apos;xpath&apos;, &apos;//ul[@id=&quot;treeDemo&quot;]//span[text()=&quot;not_delete_mysql&quot;]&apos;)
Tue, 18 Jun 2019 09:47:05-INFO-BasePage.py-wait_eleVisible-[line:37]等待时长0.04：以秒为单位
Tue, 18 Jun 2019 09:47:05-INFO-BasePage.py-get_Element-[line:45]None：查找元素：(&apos;xpath&apos;, &apos;//ul[@id=&quot;treeDemo&quot;]//span[text()=&quot;not_delete_mysql&quot;]&apos;)
Tue, 18 Jun 2019 09:47:05-INFO-BasePage.py-click_element-[line:85]None:元素：(&apos;xpath&apos;, &apos;//ul[@id=&quot;treeDemo&quot;]//span[text()=&quot;not_delete_mysql&quot;]&apos;)点击事件
Tue, 18 Jun 2019 09:47:05-INFO-BasePage.py-wait_eleVisible-[line:32]None：等待元素可见：(&apos;xpath&apos;, &apos;//span[text()=&quot;发布&quot;]&apos;)
Tue, 18 Jun 2019 09:47:05-INFO-BasePage.py-wait_eleVisible-[line:37]等待时长0.02：以秒为单位
Tue, 18 Jun 2019 09:47:05-INFO-BasePage.py-get_Element-[line:45]None：查找元素：(&apos;xpath&apos;, &apos;//span[text()=&quot;发布&quot;]&apos;)
Tue, 18 Jun 2019 09:47:05-INFO-BasePage.py-click_element-[line:85]None:元素：(&apos;xpath&apos;, &apos;//span[text()=&quot;发布&quot;]&apos;)点击事件
Tue, 18 Jun 2019 09:47:05-INFO-BasePage.py-wait_eleVisible-[line:32]None：等待元素可见：(&apos;xpath&apos;, &apos;//div[@class=&quot;toast-message&quot;]&apos;)
Tue, 18 Jun 2019 09:47:05-INFO-BasePage.py-wait_eleVisible-[line:37]等待时长0.02：以秒为单位
Tue, 18 Jun 2019 09:47:05-INFO-BasePage.py-wait_eleVisible-[line:32]None：等待元素可见：(&apos;xpath&apos;, &apos;//div[@class=&quot;toast-message&quot;]&apos;)
Tue, 18 Jun 2019 09:47:05-INFO-BasePage.py-wait_eleVisible-[line:37]等待时长0.01：以秒为单位
Tue, 18 Jun 2019 09:47:05-INFO-BasePage.py-get_Element-[line:45]None：查找元素：(&apos;xpath&apos;, &apos;//div[@class=&quot;toast-message&quot;]&apos;)
Tue, 18 Jun 2019 09:47:05-INFO-BasePage.py-get_text-[line:109]None:获取元素:(&apos;xpath&apos;, &apos;//div[@class=&quot;toast-message&quot;]&apos;)的文本内容
Tue, 18 Jun 2019 09:47:05-INFO-BasePage.py-get_text-[line:112]None:元素:(&apos;xpath&apos;, &apos;//div[@class=&quot;toast-message&quot;]&apos;)的文本内容为:该作业已经发布，请取消发布之后在发布.
</system-err></testcase><testcase classname="TestCase.test_3_designer.TestDesigner" file="TestCase\test_3_designer.py" line="120" name="test_16_work_flow" time="0.000"><skipped message="unconditional skip" type="pytest.skip">TestCase\test_3_designer.py:120: unconditional skip</skipped></testcase><testcase classname="TestCase.test_3_designer.TestDesigner" file="TestCase\test_3_designer.py" line="127" name="test_17_add_work_flow" time="2.816"><system-out>============测试类中每个测试用例都执行一次的前置============
============测试类中每个测试用例都执行一次的前置============
</system-out><system-err>Tue, 18 Jun 2019 09:47:05-INFO-BasePage.py-wait_eleVisible-[line:32]None：等待元素可见：(&apos;xpath&apos;, &apos;//ul[@id=&quot;treeDemo&quot;]//span[text()=&quot;not_delete_mysql&quot;]&apos;)
Tue, 18 Jun 2019 09:47:05-INFO-BasePage.py-wait_eleVisible-[line:37]等待时长0.05：以秒为单位
Tue, 18 Jun 2019 09:47:05-INFO-BasePage.py-get_Element-[line:45]None：查找元素：(&apos;xpath&apos;, &apos;//ul[@id=&quot;treeDemo&quot;]//span[text()=&quot;not_delete_mysql&quot;]&apos;)
Tue, 18 Jun 2019 09:47:05-INFO-BasePage.py-click_element-[line:85]None:元素：(&apos;xpath&apos;, &apos;//ul[@id=&quot;treeDemo&quot;]//span[text()=&quot;not_delete_mysql&quot;]&apos;)点击事件
Tue, 18 Jun 2019 09:47:05-INFO-BasePage.py-wait_eleVisible-[line:32]None：等待元素可见：(&apos;xpath&apos;, &apos;//span[text()=&quot;工作流&quot;]&apos;)
Tue, 18 Jun 2019 09:47:06-INFO-BasePage.py-wait_eleVisible-[line:37]等待时长0.55：以秒为单位
Tue, 18 Jun 2019 09:47:06-INFO-BasePage.py-get_Element-[line:45]None：查找元素：(&apos;xpath&apos;, &apos;//span[text()=&quot;工作流&quot;]&apos;)
Tue, 18 Jun 2019 09:47:06-INFO-BasePage.py-hover_element-[line:71]None:元素：(&apos;xpath&apos;, &apos;//span[text()=&quot;工作流&quot;]&apos;)鼠标悬停事件
Tue, 18 Jun 2019 09:47:06-INFO-BasePage.py-wait_eleVisible-[line:32]None：等待元素可见：(&apos;xpath&apos;, &apos;//ul[@id=&quot;treeDemo_1_ul&quot;]//span[text()=&quot;添加&quot;]&apos;)
Tue, 18 Jun 2019 09:47:06-INFO-BasePage.py-wait_eleVisible-[line:37]等待时长0.02：以秒为单位
Tue, 18 Jun 2019 09:47:06-INFO-BasePage.py-get_Element-[line:45]None：查找元素：(&apos;xpath&apos;, &apos;//ul[@id=&quot;treeDemo_1_ul&quot;]//span[text()=&quot;添加&quot;]&apos;)
Tue, 18 Jun 2019 09:47:06-INFO-BasePage.py-click_element-[line:85]None:元素：(&apos;xpath&apos;, &apos;//ul[@id=&quot;treeDemo_1_ul&quot;]//span[text()=&quot;添加&quot;]&apos;)点击事件
Tue, 18 Jun 2019 09:47:06-INFO-BasePage.py-wait_eleVisible-[line:32]None：等待元素可见：(&apos;xpath&apos;, &apos;//input[@id=&quot;workflow-name&quot;]&apos;)
Tue, 18 Jun 2019 09:47:06-INFO-BasePage.py-wait_eleVisible-[line:37]等待时长0.54：以秒为单位
Tue, 18 Jun 2019 09:47:06-INFO-BasePage.py-get_Element-[line:45]None：查找元素：(&apos;xpath&apos;, &apos;//input[@id=&quot;workflow-name&quot;]&apos;)
Tue, 18 Jun 2019 09:47:06-INFO-BasePage.py-input_text-[line:58]None：在元素(&apos;xpath&apos;, &apos;//input[@id=&quot;workflow-name&quot;]&apos;)中输入文本：test_work_flow_01
Tue, 18 Jun 2019 09:47:06-INFO-BasePage.py-get_Element-[line:45]None：查找元素：(&apos;xpath&apos;, &apos;//a[@class=&quot;btn btn-primary btn-workflow-add&quot;]&apos;)
Tue, 18 Jun 2019 09:47:06-INFO-BasePage.py-click_element-[line:85]None:元素：(&apos;xpath&apos;, &apos;//a[@class=&quot;btn btn-primary btn-workflow-add&quot;]&apos;)点击事件
Tue, 18 Jun 2019 09:47:08-INFO-BasePage.py-wait_eleVisible-[line:32]None：等待元素可见：(&apos;xpath&apos;, &apos;//span[text()=&quot;工作流&quot;]&apos;)
Tue, 18 Jun 2019 09:47:08-INFO-BasePage.py-wait_eleVisible-[line:37]等待时长0.02：以秒为单位
Tue, 18 Jun 2019 09:47:08-INFO-BasePage.py-get_Element-[line:45]None：查找元素：(&apos;xpath&apos;, &apos;//span[text()=&quot;工作流&quot;]&apos;)
Tue, 18 Jun 2019 09:47:08-INFO-BasePage.py-click_element-[line:85]None:元素：(&apos;xpath&apos;, &apos;//span[text()=&quot;工作流&quot;]&apos;)点击事件
Tue, 18 Jun 2019 09:47:08-INFO-BasePage.py-wait_eleVisible-[line:32]None：等待元素可见：(&apos;xpath&apos;, &apos;//span[text()=&quot;test_work_flow_01&quot;]&apos;)
Tue, 18 Jun 2019 09:47:08-INFO-BasePage.py-wait_eleVisible-[line:37]等待时长0.02：以秒为单位
</system-err></testcase><testcase classname="TestCase.test_3_designer.TestDesigner" file="TestCase\test_3_designer.py" line="132" name="test_18_add_work_flow" time="2.291"><system-out>============测试类中每个测试用例都执行一次的前置============
============测试类中每个测试用例都执行一次的前置============
</system-out><system-err>Tue, 18 Jun 2019 09:47:08-INFO-BasePage.py-wait_eleVisible-[line:32]None：等待元素可见：(&apos;xpath&apos;, &apos;//ul[@id=&quot;treeDemo&quot;]//span[text()=&quot;not_delete_mysql&quot;]&apos;)
Tue, 18 Jun 2019 09:47:08-INFO-BasePage.py-wait_eleVisible-[line:37]等待时长0.04：以秒为单位
Tue, 18 Jun 2019 09:47:08-INFO-BasePage.py-get_Element-[line:45]None：查找元素：(&apos;xpath&apos;, &apos;//ul[@id=&quot;treeDemo&quot;]//span[text()=&quot;not_delete_mysql&quot;]&apos;)
Tue, 18 Jun 2019 09:47:08-INFO-BasePage.py-click_element-[line:85]None:元素：(&apos;xpath&apos;, &apos;//ul[@id=&quot;treeDemo&quot;]//span[text()=&quot;not_delete_mysql&quot;]&apos;)点击事件
Tue, 18 Jun 2019 09:47:08-INFO-BasePage.py-wait_eleVisible-[line:32]None：等待元素可见：(&apos;xpath&apos;, &apos;//span[text()=&quot;工作流&quot;]&apos;)
Tue, 18 Jun 2019 09:47:09-INFO-BasePage.py-wait_eleVisible-[line:37]等待时长0.54：以秒为单位
Tue, 18 Jun 2019 09:47:09-INFO-BasePage.py-get_Element-[line:45]None：查找元素：(&apos;xpath&apos;, &apos;//span[text()=&quot;工作流&quot;]&apos;)
Tue, 18 Jun 2019 09:47:09-INFO-BasePage.py-hover_element-[line:71]None:元素：(&apos;xpath&apos;, &apos;//span[text()=&quot;工作流&quot;]&apos;)鼠标悬停事件
Tue, 18 Jun 2019 09:47:09-INFO-BasePage.py-wait_eleVisible-[line:32]None：等待元素可见：(&apos;xpath&apos;, &apos;//ul[@id=&quot;treeDemo_1_ul&quot;]//span[text()=&quot;添加&quot;]&apos;)
Tue, 18 Jun 2019 09:47:09-INFO-BasePage.py-wait_eleVisible-[line:37]等待时长0.02：以秒为单位
Tue, 18 Jun 2019 09:47:09-INFO-BasePage.py-get_Element-[line:45]None：查找元素：(&apos;xpath&apos;, &apos;//ul[@id=&quot;treeDemo_1_ul&quot;]//span[text()=&quot;添加&quot;]&apos;)
Tue, 18 Jun 2019 09:47:09-INFO-BasePage.py-click_element-[line:85]None:元素：(&apos;xpath&apos;, &apos;//ul[@id=&quot;treeDemo_1_ul&quot;]//span[text()=&quot;添加&quot;]&apos;)点击事件
Tue, 18 Jun 2019 09:47:09-INFO-BasePage.py-wait_eleVisible-[line:32]None：等待元素可见：(&apos;xpath&apos;, &apos;//input[@id=&quot;workflow-name&quot;]&apos;)
Tue, 18 Jun 2019 09:47:09-INFO-BasePage.py-wait_eleVisible-[line:37]等待时长0.53：以秒为单位
Tue, 18 Jun 2019 09:47:09-INFO-BasePage.py-get_Element-[line:45]None：查找元素：(&apos;xpath&apos;, &apos;//input[@id=&quot;workflow-name&quot;]&apos;)
Tue, 18 Jun 2019 09:47:09-INFO-BasePage.py-input_text-[line:58]None：在元素(&apos;xpath&apos;, &apos;//input[@id=&quot;workflow-name&quot;]&apos;)中输入文本：test_work_flow_01
Tue, 18 Jun 2019 09:47:09-INFO-BasePage.py-get_Element-[line:45]None：查找元素：(&apos;xpath&apos;, &apos;//a[@class=&quot;btn btn-primary btn-workflow-add&quot;]&apos;)
Tue, 18 Jun 2019 09:47:09-INFO-BasePage.py-click_element-[line:85]None:元素：(&apos;xpath&apos;, &apos;//a[@class=&quot;btn btn-primary btn-workflow-add&quot;]&apos;)点击事件
Tue, 18 Jun 2019 09:47:09-INFO-BasePage.py-wait_eleVisible-[line:32]None：等待元素可见：(&apos;xpath&apos;, &apos;//div[@class=&quot;toast-message&quot;]&apos;)
Tue, 18 Jun 2019 09:47:10-INFO-BasePage.py-wait_eleVisible-[line:37]等待时长0.53：以秒为单位
Tue, 18 Jun 2019 09:47:10-INFO-BasePage.py-wait_eleVisible-[line:32]None：等待元素可见：(&apos;xpath&apos;, &apos;//div[@class=&quot;toast-message&quot;]&apos;)
Tue, 18 Jun 2019 09:47:10-INFO-BasePage.py-wait_eleVisible-[line:37]等待时长0.02：以秒为单位
Tue, 18 Jun 2019 09:47:10-INFO-BasePage.py-get_Element-[line:45]None：查找元素：(&apos;xpath&apos;, &apos;//div[@class=&quot;toast-message&quot;]&apos;)
Tue, 18 Jun 2019 09:47:10-INFO-BasePage.py-get_text-[line:109]None:获取元素:(&apos;xpath&apos;, &apos;//div[@class=&quot;toast-message&quot;]&apos;)的文本内容
Tue, 18 Jun 2019 09:47:10-INFO-BasePage.py-get_text-[line:112]None:元素:(&apos;xpath&apos;, &apos;//div[@class=&quot;toast-message&quot;]&apos;)的文本内容为:该名称已存在!
</system-err></testcase><testcase classname="TestCase.test_3_designer.TestDesigner" file="TestCase\test_3_designer.py" line="136" name="test_19_del_work_flow" time="4.410"><system-out>============测试类中每个测试用例都执行一次的前置============
============测试类中每个测试用例都执行一次的前置============
============整个测试类只执行一次的后置======================
============session级别的会话=====结束=====================
</system-out><system-err>Tue, 18 Jun 2019 09:47:10-INFO-BasePage.py-wait_eleVisible-[line:32]None：等待元素可见：(&apos;xpath&apos;, &apos;//ul[@id=&quot;treeDemo&quot;]//span[text()=&quot;not_delete_mysql&quot;]&apos;)
Tue, 18 Jun 2019 09:47:10-INFO-BasePage.py-wait_eleVisible-[line:37]等待时长0.05：以秒为单位
Tue, 18 Jun 2019 09:47:10-INFO-BasePage.py-get_Element-[line:45]None：查找元素：(&apos;xpath&apos;, &apos;//ul[@id=&quot;treeDemo&quot;]//span[text()=&quot;not_delete_mysql&quot;]&apos;)
Tue, 18 Jun 2019 09:47:10-INFO-BasePage.py-click_element-[line:85]None:元素：(&apos;xpath&apos;, &apos;//ul[@id=&quot;treeDemo&quot;]//span[text()=&quot;not_delete_mysql&quot;]&apos;)点击事件
Tue, 18 Jun 2019 09:47:10-INFO-BasePage.py-wait_eleVisible-[line:32]None：等待元素可见：(&apos;xpath&apos;, &apos;//span[text()=&quot;工作流&quot;]&apos;)
Tue, 18 Jun 2019 09:47:11-INFO-BasePage.py-wait_eleVisible-[line:37]等待时长0.54：以秒为单位
Tue, 18 Jun 2019 09:47:11-INFO-BasePage.py-get_Element-[line:45]None：查找元素：(&apos;xpath&apos;, &apos;//span[text()=&quot;工作流&quot;]&apos;)
Tue, 18 Jun 2019 09:47:11-INFO-BasePage.py-click_element-[line:85]None:元素：(&apos;xpath&apos;, &apos;//span[text()=&quot;工作流&quot;]&apos;)点击事件
Tue, 18 Jun 2019 09:47:11-INFO-BasePage.py-get_Element-[line:45]None：查找元素：(&apos;xpath&apos;, &apos;//span[text()=&quot;test_work_flow_01&quot;]&apos;)
Tue, 18 Jun 2019 09:47:11-INFO-BasePage.py-hover_element-[line:71]None:元素：(&apos;xpath&apos;, &apos;//span[text()=&quot;test_work_flow_01&quot;]&apos;)鼠标悬停事件
Tue, 18 Jun 2019 09:47:11-INFO-BasePage.py-wait_eleVisible-[line:32]None：等待元素可见：(&apos;xpath&apos;, &apos;//span[text()=&quot;test_work_flow_01&quot;]//parent::a//span[text()=&quot;删除&quot;]&apos;)
Tue, 18 Jun 2019 09:47:11-INFO-BasePage.py-wait_eleVisible-[line:37]等待时长0.53：以秒为单位
Tue, 18 Jun 2019 09:47:11-INFO-BasePage.py-get_Element-[line:45]None：查找元素：(&apos;xpath&apos;, &apos;//span[text()=&quot;test_work_flow_01&quot;]//parent::a//span[text()=&quot;删除&quot;]&apos;)
Tue, 18 Jun 2019 09:47:12-INFO-BasePage.py-click_element-[line:85]None:元素：(&apos;xpath&apos;, &apos;//span[text()=&quot;test_work_flow_01&quot;]//parent::a//span[text()=&quot;删除&quot;]&apos;)点击事件
Tue, 18 Jun 2019 09:47:12-INFO-BasePage.py-wait_eleVisible-[line:32]None：等待元素可见：(&apos;xpath&apos;, &apos;//a[@id=&quot;btn-workflow-delete&quot;]&apos;)
Tue, 18 Jun 2019 09:47:12-INFO-BasePage.py-wait_eleVisible-[line:37]等待时长0.54：以秒为单位
Tue, 18 Jun 2019 09:47:12-INFO-BasePage.py-get_Element-[line:45]None：查找元素：(&apos;xpath&apos;, &apos;//a[@id=&quot;btn-workflow-delete&quot;]&apos;)
Tue, 18 Jun 2019 09:47:12-INFO-BasePage.py-click_element-[line:85]None:元素：(&apos;xpath&apos;, &apos;//a[@id=&quot;btn-workflow-delete&quot;]&apos;)点击事件
Tue, 18 Jun 2019 09:47:12-INFO-BasePage.py-wait_eleVisible-[line:32]None：等待元素可见：(&apos;xpath&apos;, &apos;//span[text()=&quot;test_work_flow_01&quot;]&apos;)
Tue, 18 Jun 2019 09:47:12-INFO-BasePage.py-wait_eleVisible-[line:37]等待时长0.03：以秒为单位
</system-err></testcase></testsuite>